This is pdfTeX, Version 3.14159265-2.6-1.40.15 (TeX Live 2014/W32TeX) (preloaded format=pdflatex 2015.3.18)  16 NOV 2015 02:39
entering extended mode
 restricted \write18 enabled.
 %&-line parsing enabled.
**main.tex
(./main.tex
LaTeX2e <2014/05/01>
Babel <3.9l> and hyphenation patterns for 79 languages loaded.
(./abntex2-cefetmg.cls
Document Class: abntex2-cefetmg 2014/03/13 v5.3
(c:/texlive/2014/texmf-dist/tex/latex/abntex2/abntex2.cls
Document Class: abntex2 2015/01/26 v1.9.3 abnTeX2
(c:/texlive/2014/texmf-dist/tex/latex/base/ifthen.sty
Package: ifthen 2014/09/29 v1.1c Standard LaTeX ifthen package (DPC)
)
(c:/texlive/2014/texmf-dist/tex/latex/memoir/memoir.cls
Document Class: memoir 2015/03/05 v3.7c configurable book, report, article docu
ment class
\onelineskip=\skip41
\lxvchars=\skip42
\xlvchars=\skip43
\@memcnta=\count79
\c@@memmarkcntra=\count80
(c:/texlive/2014/texmf-dist/tex/generic/oberdiek/ifpdf.sty
Package: ifpdf 2011/01/30 v2.3 Provides the ifpdf switch (HO)
Package ifpdf Info: pdfTeX in PDF mode is detected.
)
(c:/texlive/2014/texmf-dist/tex/latex/ifetex/ifetex.sty
Package: ifetex 2011/12/15 v1.2 ifetex

(c:/texlive/2014/texmf-dist/tex/plain/ifetex/ifetex.tex))
(c:/texlive/2014/texmf-dist/tex/generic/ifxetex/ifxetex.sty
Package: ifxetex 2010/09/12 v0.6 Provides ifxetex conditional
)
(c:/texlive/2014/texmf-dist/tex/generic/oberdiek/ifluatex.sty
Package: ifluatex 2010/03/01 v1.3 Provides the ifluatex switch (HO)
Package ifluatex Info: LuaTeX not detected.
)
\stockheight=\skip44
\stockwidth=\skip45
\trimtop=\skip46
\trimedge=\skip47

(c:/texlive/2014/texmf-dist/tex/latex/etex-pkg/etex.sty
Package: etex 2015/03/02 v2.1 eTeX basic definition package (PEB,DPC)
\et@xins=\count81
)
(c:/texlive/2014/texmf-dist/tex/latex/memoir/mem12.clo
File: mem12.clo 2010/10/19 v0.4b memoir class 12pt size option
)
\binding=\skip48
\spinemargin=\skip49
\foremargin=\skip50
\uppermargin=\skip51
\lowermargin=\skip52
\headdrop=\skip53
\normalrulethickness=\skip54
\mem@maxheadheight=\skip55
\mem@maxfootheight=\skip56
\headwidth=\skip57
\c@storedpagenumber=\count82
\memPD=\dimen102
\m@mabparskip=\skip58
\thanksmarkwidth=\skip59
\thanksmarksep=\skip60
\droptitle=\skip61
\c@book=\count83
\c@part=\count84
\c@chapter=\count85
\c@section=\count86
\c@subsection=\count87
\c@subsubsection=\count88
\c@paragraph=\count89
\c@subparagraph=\count90
\beforechapskip=\skip62
\midchapskip=\skip63
\afterchapskip=\skip64
\chapindent=\skip65
\bottomsectionskip=\skip66
\secindent=\skip67
\beforesecskip=\skip68
\aftersecskip=\skip69
\subsecindent=\skip70
\beforesubsecskip=\skip71
\aftersubsecskip=\skip72
\subsubsecindent=\skip73
\beforesubsubsecskip=\skip74
\aftersubsubsecskip=\skip75
\paraindent=\skip76
\beforeparaskip=\skip77
\afterparaskip=\skip78
\subparaindent=\skip79
\beforesubparaskip=\skip80
\aftersubparaskip=\skip81
\pfbreakskip=\skip82
\c@@ppsavesec=\count91
\c@@ppsaveapp=\count92
\ragrparindent=\dimen103
\everylistparindent=\dimen104
\parsepi=\skip83
\topsepi=\skip84
\itemsepi=\skip85
\parsepii=\skip86
\topsepii=\skip87
\topsepiii=\skip88
\itemsepii=\skip89
\itemsepiii=\skip90
\partopsepii=\skip91
\partopsepiii=\skip92
\m@msavetopsep=\skip93
\m@msavepartopsep=\skip94
\@enLab=\toks14
\abstitleskip=\skip95
\absleftindent=\skip96
\abs@leftindent=\dimen105
\absrightindent=\skip97
\absparindent=\skip98
\absparsep=\skip99
\c@vslineno=\count93
\c@poemline=\count94
\c@modulo@vs=\count95
\c@memfvsline=\count96
\vleftskip=\skip100
\vrightskip=\skip101
\stanzaskip=\skip102
\versewidth=\skip103
\vgap=\skip104
\vindent=\skip105
\vleftmargin=\dimen106
\c@verse=\count97
\c@chrsinstr=\count98
\beforepoemtitleskip=\skip106
\afterpoemtitleskip=\skip107
\c@poem=\count99
\beforePoemTitleskip=\skip108
\midPoemTitleskip=\skip109
\afterPoemTitleskip=\skip110
\col@sep=\dimen107
\extrarowheight=\dimen108
\NC@list=\toks15
\extratabsurround=\skip111
\backup@length=\skip112
\TX@col@width=\dimen109
\TX@old@table=\dimen110
\TX@old@col=\dimen111
\TX@target=\dimen112
\TX@delta=\dimen113
\TX@cols=\count100
\TX@ftn=\toks16
\heavyrulewidth=\dimen114
\lightrulewidth=\dimen115
\cmidrulewidth=\dimen116
\belowrulesep=\dimen117
\belowbottomsep=\dimen118
\aboverulesep=\dimen119
\abovetopsep=\dimen120
\cmidrulesep=\dimen121
\cmidrulekern=\dimen122
\defaultaddspace=\dimen123
\@cmidla=\count101
\@cmidlb=\count102
\@aboverulesep=\dimen124
\@belowrulesep=\dimen125
\@thisruleclass=\count103
\@lastruleclass=\count104
\@thisrulewidth=\dimen126
\ctableftskip=\skip113
\ctabrightskip=\skip114
\abovecolumnspenalty=\count105
\@linestogo=\count106
\@cellstogo=\count107
\@cellsincolumn=\count108
\crtok=\toks17
\@mincolumnwidth=\dimen127
\c@newflo@tctr=\count109
\mem@margin@floatbox=\box26
\@contcwidth=\skip115
\@contindw=\skip116
\abovecaptionskip=\skip117
\belowcaptionskip=\skip118
\subfloattopskip=\skip119
\subfloatcapskip=\skip120
\subfloatcaptopadj=\skip121
\subfloatbottomskip=\skip122
\subfloatlabelskip=\skip123
\subfloatcapmargin=\dimen128
\c@@contsubnum=\count110
\m@mscap@capbox=\box27
\m@mscap@fbox=\box28
\sidecapsep=\dimen129
\sidecapwidth=\dimen130
\m@m@tempdima=\dimen131
\m@mscapraise=\dimen132
\sidecapraise=\dimen133
\m@mscapmainwidth=\dimen134
\m@mscaplkern=\dimen135
\beforeepigraphskip=\skip124
\afterepigraphskip=\skip125
\epigraphwidth=\skip126
\epigraphrule=\skip127
LaTeX Info: Redefining \em on input line 7514.
LaTeX Info: Redefining \emph on input line 7522.
\tocentryskip=\skip128
\tocbaseline=\skip129
\cftparskip=\skip130
\cftbeforebookskip=\skip131
\cftbookindent=\dimen136
\cftbooknumwidth=\dimen137
\cftbeforepartskip=\skip132
\cftpartindent=\skip133
\cftpartnumwidth=\skip134
\cftbeforechapterskip=\skip135
\cftchapterindent=\skip136
\cftchapternumwidth=\skip137
\cftbeforesectionskip=\skip138
\cftsectionindent=\skip139
\cftsectionnumwidth=\skip140
\cftbeforesubsectionskip=\skip141
\cftsubsectionindent=\skip142
\cftsubsectionnumwidth=\skip143
\cftbeforesubsubsectionskip=\skip144
\cftsubsubsectionindent=\skip145
\cftsubsubsectionnumwidth=\skip146
\cftbeforeparagraphskip=\skip147
\cftparagraphindent=\skip148
\cftparagraphnumwidth=\skip149
\cftbeforesubparagraphskip=\skip150
\cftsubparagraphindent=\skip151
\cftsubparagraphnumwidth=\skip152
\prechapterprecisshift=\dimen138
\c@maxsecnumdepth=\count111
\bibindent=\dimen139
\bibitemsep=\skip153
\indexcolsep=\skip154
\indexrule=\skip155
\indexmarkstyle=\toks18
\@indexbox=\insert233
\glossarycolsep=\dimen140
\glossaryrule=\dimen141
\sideparvshift=\skip156
\sideins=\insert232
\sidebartopsep=\skip157
\sidebarhsep=\skip158
\sidebarvsep=\skip159
\sidebarwidth=\skip160
\footmarkwidth=\skip161
\footmarksep=\skip162
\footparindent=\skip163
\footinsdim=\skip164
\footinsv@r=\insert231
\@mpfootinsv@r=\insert230
\m@m@k=\count112
\m@m@h=\dimen142
\m@mipn@skip=\skip165
\sidefootins=\insert229
\sidefootadjust=\skip166
\sidefootheight=\skip167
\sidefoothsep=\skip168
\sidefootvsep=\skip169
\sidefootwidth=\skip170
\m@mdownsf=\skip171
\c@sidefootnote=\count113
\sidefootmarkwidth=\skip172
\sidefootmarksep=\skip173
\sidefootparindent=\skip174
\c@pagenote=\count114
\c@pagenoteshadow=\count115
\mem@pn@lastkern=\skip175
\every@verbatim=\toks19
\afterevery@verbatim=\toks20
\verbatim@line=\toks21
\tab@position=\count116
\verbatim@in@stream=\read1
\verbatimindent=\skip176
\verbatim@out=\write3
\bvboxsep=\skip177
\c@memfbvline=\count117
\c@bvlinectr=\count118
\bvnumlength=\skip178
\fb@frw=\dimen143
\fb@frh=\dimen144
\FrameRule=\dimen145
\FrameSep=\dimen146
\c@cp@cntr=\count119
LaTeX Info: Redefining \: on input line 11980.
LaTeX Info: Redefining \! on input line 11982.
\c@ism@mctr=\count120
\c@xsm@mctr=\count121
\c@csm@mctr=\count122
\c@ksm@mctr=\count123
\c@xksm@mctr=\count124
\c@cksm@mctr=\count125
\c@msm@mctr=\count126
\c@xmsm@mctr=\count127
\c@cmsm@mctr=\count128
\c@bsm@mctr=\count129
\c@workm@mctr=\count130
\c@sheetsequence=\count131
\c@lastsheet=\count132
\c@lastpage=\count133
\c@figure=\count134
\c@lofdepth=\count135
\cftbeforefigureskip=\skip179
\cftfigureindent=\skip180
\cftfigurenumwidth=\skip181
\c@table=\count136
\c@lotdepth=\count137
\cftbeforetableskip=\skip182
\cfttableindent=\skip183
\cfttablenumwidth=\skip184
Package abstract [2008/07/23] emulated by memoir.
Package appendix [2008/07/23] emulated by memoir.
Package array [2008/09/09] emulated by memoir.
Package booktabs [2008/07/23] emulated by memoir.
Package ccaption [2008/07/23] emulated by memoir.
Package changepage [2008/07/23] emulated by memoir.
Package chngcntr [2008/07/23] emulated by memoir.
Package chngpage [2008/07/23] emulated by memoir.
Package crop emulated by memoir.
Package dcolumn [2008/07/23] emulated by memoir.
Package delarray [2008/07/23] emulated by memoir.
Package enumerate [2008/07/23] emulated by memoir.
Package epigraph [2008/07/23] emulated by memoir.
Package ifmtarg [2008/07/23] emulated by memoir.
Package index [2008/07/23] emulated by memoir.
Package makeidx [2008/07/23] emulated by memoir.
Package moreverb [2008/07/23] emulated by memoir.
Package mparhack [2008/07/23] emulated by memoir.
Package needspace [2008/07/23] emulated by memoir.
Package newfile [2008/07/23] emulated by memoir.
Package nextpage [2008/07/23] emulated by memoir.
Package pagenote [2008/07/23] emulated by memoir.
Package parskip [2008/07/23] emulated by memoir.
Package patchcmd [2008/07/23] emulated by memoir.
Package setspace [2008/07/23] emulated by memoir.
Package shortvrb [2008/07/23] emulated by memoir.
Package showidx [2008/07/23] emulated by memoir.
Package tabularx [2008/07/23] emulated by memoir.
Package titleref [2008/07/23] emulated by memoir.
Package titling [2008/07/23] emulated by memoir.
Package tocbibind [2008/07/23] emulated by memoir.
Package tocloft [2008/07/23] emulated by memoir.
Package tocvsec2 [2008/07/23] emulated by memoir.
Package verbatim [2008/07/23] emulated by memoir.
Package verse [2008/07/23] emulated by memoir.

(c:/texlive/2014/texmf-dist/tex/latex/memoir/mempatch.sty
Package: mempatch 2009/07/24 v6.0f Patches for memoir class v1.6180339
))
(c:/texlive/2014/texmf-dist/tex/latex/textcase/textcase.sty
Package: textcase 2004/10/07 v0.07 Text only upper/lower case changing (DPC)
LaTeX Info: Redefining \MakeTextUppercase on input line 47.
LaTeX Info: Redefining \MakeTextLowercase on input line 50.
)
(c:/texlive/2014/texmf-dist/tex/latex/hyperref/hyperref.sty
Package: hyperref 2012/11/06 v6.83m Hypertext links for LaTeX

(c:/texlive/2014/texmf-dist/tex/generic/oberdiek/hobsub-hyperref.sty
Package: hobsub-hyperref 2012/05/28 v1.13 Bundle oberdiek, subset hyperref (HO)


(c:/texlive/2014/texmf-dist/tex/generic/oberdiek/hobsub-generic.sty
Package: hobsub-generic 2012/05/28 v1.13 Bundle oberdiek, subset generic (HO)
Package: hobsub 2012/05/28 v1.13 Construct package bundles (HO)
Package: infwarerr 2010/04/08 v1.3 Providing info/warning/error messages (HO)
Package: ltxcmds 2011/11/09 v1.22 LaTeX kernel commands for general use (HO)
Package hobsub Info: Skipping package `ifluatex' (already loaded).
Package: ifvtex 2010/03/01 v1.5 Detect VTeX and its facilities (HO)
Package ifvtex Info: VTeX not detected.
Package: intcalc 2007/09/27 v1.1 Expandable calculations with integers (HO)
Package hobsub Info: Skipping package `ifpdf' (already loaded).
Package: etexcmds 2011/02/16 v1.5 Avoid name clashes with e-TeX commands (HO)
Package etexcmds Info: Could not find \expanded.
(etexcmds)             That can mean that you are not using pdfTeX 1.50 or
(etexcmds)             that some package has redefined \expanded.
(etexcmds)             In the latter case, load this package earlier.
Package: kvsetkeys 2012/04/25 v1.16 Key value parser (HO)
Package: kvdefinekeys 2011/04/07 v1.3 Define keys (HO)
Package: pdftexcmds 2011/11/29 v0.20 Utility functions of pdfTeX for LuaTeX (HO
)
Package pdftexcmds Info: LuaTeX not detected.
Package pdftexcmds Info: \pdf@primitive is available.
Package pdftexcmds Info: \pdf@ifprimitive is available.
Package pdftexcmds Info: \pdfdraftmode found.
Package: pdfescape 2011/11/25 v1.13 Implements pdfTeX's escape features (HO)
Package: bigintcalc 2012/04/08 v1.3 Expandable calculations on big integers (HO
)
Package: bitset 2011/01/30 v1.1 Handle bit-vector datatype (HO)
Package: uniquecounter 2011/01/30 v1.2 Provide unlimited unique counter (HO)
)
Package hobsub Info: Skipping package `hobsub' (already loaded).
Package: letltxmacro 2010/09/02 v1.4 Let assignment for LaTeX macros (HO)
Package: hopatch 2012/05/28 v1.2 Wrapper for package hooks (HO)
Package: xcolor-patch 2011/01/30 xcolor patch
Package: atveryend 2011/06/30 v1.8 Hooks at the very end of document (HO)
Package atveryend Info: \enddocument detected (standard20110627).
Package: atbegshi 2011/10/05 v1.16 At begin shipout hook (HO)
Package: refcount 2011/10/16 v3.4 Data extraction from label references (HO)
Package: hycolor 2011/01/30 v1.7 Color options for hyperref/bookmark (HO)
)
(c:/texlive/2014/texmf-dist/tex/latex/graphics/keyval.sty
Package: keyval 2014/10/28 v1.15 key=value parser (DPC)
\KV@toks@=\toks22
)
(c:/texlive/2014/texmf-dist/tex/latex/oberdiek/auxhook.sty
Package: auxhook 2011/03/04 v1.3 Hooks for auxiliary files (HO)
)
(c:/texlive/2014/texmf-dist/tex/latex/oberdiek/kvoptions.sty
Package: kvoptions 2011/06/30 v3.11 Key value format for package options (HO)
)
\@linkdim=\dimen147
\Hy@linkcounter=\count138
\Hy@pagecounter=\count139

(c:/texlive/2014/texmf-dist/tex/latex/hyperref/pd1enc.def
File: pd1enc.def 2012/11/06 v6.83m Hyperref: PDFDocEncoding definition (HO)
)
\Hy@SavedSpaceFactor=\count140

(c:/texlive/2014/texmf-dist/tex/latex/latexconfig/hyperref.cfg
File: hyperref.cfg 2002/06/06 v1.2 hyperref configuration of TeXLive
)
Package hyperref Info: Hyper figures OFF on input line 4443.
Package hyperref Info: Link nesting OFF on input line 4448.
Package hyperref Info: Hyper index ON on input line 4451.
Package hyperref Info: Plain pages OFF on input line 4458.
Package hyperref Info: Backreferencing OFF on input line 4463.
Package hyperref Info: Implicit mode ON; LaTeX internals redefined.
Package hyperref Info: Bookmarks ON on input line 4688.
\c@Hy@tempcnt=\count141

(c:/texlive/2014/texmf-dist/tex/latex/url/url.sty
\Urlmuskip=\muskip10
Package: url 2013/09/16  ver 3.4  Verb mode for urls, etc.
)
LaTeX Info: Redefining \url on input line 5041.
\XeTeXLinkMargin=\dimen148
\Fld@menulength=\count142
\Field@Width=\dimen149
\Fld@charsize=\dimen150
Package hyperref Info: Hyper figures OFF on input line 6295.
Package hyperref Info: Link nesting OFF on input line 6300.
Package hyperref Info: Hyper index ON on input line 6303.
Package hyperref Info: backreferencing OFF on input line 6310.
Package hyperref Info: Link coloring OFF on input line 6315.
Package hyperref Info: Link coloring with OCG OFF on input line 6320.
Package hyperref Info: PDF/A mode OFF on input line 6325.
LaTeX Info: Redefining \ref on input line 6365.
LaTeX Info: Redefining \pageref on input line 6369.
\Hy@abspage=\count143
\c@Item=\count144
\c@Hfootnote=\count145
)
(c:/texlive/2014/texmf-dist/tex/latex/memoir/memhfixc.sty
Package: memhfixc 2013/05/30 v1.17 nameref/hyperref package fixes for memoir cl
ass
\c@memhycontfloat=\count146
\c@Hpagenote=\count147
)

Package hyperref Message: Driver (autodetected): hpdftex.

(c:/texlive/2014/texmf-dist/tex/latex/hyperref/hpdftex.def
File: hpdftex.def 2012/11/06 v6.83m Hyperref driver for pdfTeX
\Fld@listcount=\count148
\c@bookmark@seq@number=\count149

(c:/texlive/2014/texmf-dist/tex/latex/oberdiek/rerunfilecheck.sty
Package: rerunfilecheck 2011/04/15 v1.7 Rerun checks for auxiliary files (HO)
Package uniquecounter Info: New unique counter `rerunfilecheck' on input line 2
82.
)
\Hy@SectionHShift=\skip185
)
(c:/texlive/2014/texmf-dist/tex/latex/oberdiek/bookmark.sty
Package: bookmark 2011/12/02 v1.24 PDF bookmarks (HO)

(c:/texlive/2014/texmf-dist/tex/latex/oberdiek/bkm-pdftex.def
File: bkm-pdftex.def 2011/12/02 v1.24 bookmark driver for pdfTeX (HO)
\BKM@id=\count150
))
(c:/texlive/2014/texmf-dist/tex/generic/babel/babel.sty
Package: babel 2014/09/25 3.9l The Babel package

(c:/texlive/2014/texmf-dist/tex/generic/babel-portuges/portuges.ldf
Language: portuges 2008/03/18 v1.2q Portuguese support from the babel system

(c:/texlive/2014/texmf-dist/tex/generic/babel/babel.def
File: babel.def 2014/09/25 3.9l Babel common definitions
\babel@savecnt=\count151
\U@D=\dimen151
)
\l@brazil = a dialect from \language\l@portuges 
Package babel Info: Making " an active character on input line 145.
))
(c:/texlive/2014/texmf-dist/tex/latex/enumitem/enumitem.sty
Package: enumitem 2011/09/28 v3.5.2 Customized lists
\labelindent=\skip186
\enit@outerparindent=\dimen152
\enit@toks=\toks23
\enit@inbox=\box29
\enitdp@description=\count152
)

******************************************************
Stock height and width: 845.04684pt by 597.50787pt
Top and edge trims: 0pt and 0pt
Page height and width: 845.04684pt by 597.50787pt
Text height and width: 708pt by 455pt
Spine and edge margins: 85.35826pt and 56.9055pt
Upper and lower margins: 85.35826pt and 51.68858pt
Headheight and headsep: 14.5pt and 19.8738pt
Footskip: 30pt
Columnsep and columnseprule: 10pt and 0pt
Marginparsep and marginparwidth: 7pt and 42.9055pt
Sidecapsep and sidecapwidth: 7pt and 42pt
Sidebarhsep and sidebarwidth: 7pt and 42pt
Sidebarvsep and sidebartopsep: 14.5pt and 0pt
Sidebarheight: 590.14995pt
Sidefoothsep and sidefootwidth: 7pt and 42pt
Sidefootvsep and sidefootheight: 14.5pt and 590.14995pt
******************************************************

\c@abntex@bookmarkcounter=\count153
\cftlastnumwidth=\skip187
\chapternamenumlength=\skip188
\ABNTEXcitacaorecuo=\skip189
\c@alineasi=\count154
\c@alineasii=\count155
\enitdp@alineas=\count156
\c@subalineasi=\count157
\enitdp@subalineas=\count158
\c@incisosi=\count159
\enitdp@incisos=\count160
\ABNTEXsignwidth=\skip190
\ABNTEXsignthickness=\skip191
\ABNTEXsignskip=\skip192
) (c:/texlive/2014/texmf-dist/tex/latex/hyperref/backref.sty
Package: backref 2012/07/25 v1.38 Bibliographical back referencing
)
\c@quadro=\count161
\c@loqdepth=\count162
\cftbeforequadroskip=\skip193
\cftquadroindent=\skip194
\cftquadronumwidth=\skip195
)
(c:/texlive/2014/texmf-dist/tex/latex/algorithm2e/algorithm2e.sty
Package: algorithm2e 2013/01/06 v5.00 algorithms environments
\c@AlgoLine=\count163

(c:/texlive/2014/texmf-dist/tex/latex/tools/xspace.sty
Package: xspace 2014/10/28 v1.13 Space after command names (DPC,MH)
)
(c:/texlive/2014/texmf-dist/tex/latex/relsize/relsize.sty
Package: relsize 2013/03/29 ver 4.1
)
********************************************************
Package `algorithm2e' Release 5.0 -- january 06 2013 --
- algorithm2e-announce@lirmm.fr mailing list for announcement about releases
- algorithm2e-discussion@lirmm.fr mailing list for discussion about package
subscribe by emailing sympa@lirmm.fr with 'subscribe <list> <firstname name>'
- Author: Christophe Fiorio (cfiorio@um2.fr)
********************************************************
\skiptotal=\skip196
\skiplinenumber=\skip197
\skiprule=\skip198
\skiphlne=\skip199
\skiptext=\skip200
\skiplength=\skip201
\algomargin=\skip202
\skipalgocfslide=\skip203
\algowidth=\dimen153
\inoutsize=\dimen154
\inoutindent=\dimen155
\interspacetitleruled=\dimen156
\interspacealgoruled=\dimen157
\interspacetitleboxruled=\dimen158
\algocf@inoutbox=\box30
\algocf@inputbox=\box31
\AlCapSkip=\skip204
\AlCapHSkip=\skip205
\algoskipindent=\skip206
\algocf@nlbox=\box32
\algocf@hangingbox=\box33
\algocf@untilbox=\box34
\algocf@skipuntil=\skip207
\algocf@capbox=\box35
\algoheightruledefault=\skip208
\algoheightrule=\skip209
\algotitleheightruledefault=\skip210
\algotitleheightrule=\skip211
\c@algocfline=\count164
\c@algocfproc=\count165
\c@algocf=\count166
\algocf@algoframe=\box36
\algocf@algobox=\box37
) (c:/texlive/2014/texmf-dist/tex/latex/abntex2/abntex2cite.sty
Package: abntex2cite 2015/01/26 v1.9.3 abnTeX2

(c:/texlive/2014/texmf-dist/tex/latex/tools/calc.sty
Package: calc 2014/10/28 v4.3 Infix arithmetic (KKT,FJ)
\calc@Acount=\count167
\calc@Bcount=\count168
\calc@Adimen=\dimen159
\calc@Bdimen=\dimen160
\calc@Askip=\skip212
\calc@Bskip=\skip213
LaTeX Info: Redefining \setlength on input line 75.
LaTeX Info: Redefining \addtolength on input line 76.
\calc@Ccount=\count169
\calc@Cskip=\skip214
)
(c:/texlive/2014/texmf-dist/tex/latex/abntex2/abntex2abrev.sty)
\minimumbiblabelwidth=\skip215
\ABCIauxlen=\skip216
\c@ABCIaux=\count170
\c@ABCImax=\count171
\biblabelsep=\skip217
LaTeX Info: Redefining \newblock on input line 591.
LaTeX Info: Redefining \cite on input line 618.
\ABCItoken=\toks24
)
(c:/texlive/2014/texmf-dist/tex/latex/base/inputenc.sty
Package: inputenc 2014/04/30 v1.2b Input encoding file
\inpenc@prehook=\toks25
\inpenc@posthook=\toks26

(c:/texlive/2014/texmf-dist/tex/latex/base/utf8.def
File: utf8.def 2014/09/29 v1.1m UTF-8 support for inputenc
Now handling font encoding OML ...
... no UTF-8 mapping file for font encoding OML
Now handling font encoding T1 ...
... processing UTF-8 mapping file for font encoding T1

(c:/texlive/2014/texmf-dist/tex/latex/base/t1enc.dfu
File: t1enc.dfu 2014/09/29 v1.1m UTF-8 support for inputenc
   defining Unicode char U+00A1 (decimal 161)
   defining Unicode char U+00A3 (decimal 163)
   defining Unicode char U+00AB (decimal 171)
   defining Unicode char U+00BB (decimal 187)
   defining Unicode char U+00BF (decimal 191)
   defining Unicode char U+00C0 (decimal 192)
   defining Unicode char U+00C1 (decimal 193)
   defining Unicode char U+00C2 (decimal 194)
   defining Unicode char U+00C3 (decimal 195)
   defining Unicode char U+00C4 (decimal 196)
   defining Unicode char U+00C5 (decimal 197)
   defining Unicode char U+00C6 (decimal 198)
   defining Unicode char U+00C7 (decimal 199)
   defining Unicode char U+00C8 (decimal 200)
   defining Unicode char U+00C9 (decimal 201)
   defining Unicode char U+00CA (decimal 202)
   defining Unicode char U+00CB (decimal 203)
   defining Unicode char U+00CC (decimal 204)
   defining Unicode char U+00CD (decimal 205)
   defining Unicode char U+00CE (decimal 206)
   defining Unicode char U+00CF (decimal 207)
   defining Unicode char U+00D0 (decimal 208)
   defining Unicode char U+00D1 (decimal 209)
   defining Unicode char U+00D2 (decimal 210)
   defining Unicode char U+00D3 (decimal 211)
   defining Unicode char U+00D4 (decimal 212)
   defining Unicode char U+00D5 (decimal 213)
   defining Unicode char U+00D6 (decimal 214)
   defining Unicode char U+00D8 (decimal 216)
   defining Unicode char U+00D9 (decimal 217)
   defining Unicode char U+00DA (decimal 218)
   defining Unicode char U+00DB (decimal 219)
   defining Unicode char U+00DC (decimal 220)
   defining Unicode char U+00DD (decimal 221)
   defining Unicode char U+00DE (decimal 222)
   defining Unicode char U+00DF (decimal 223)
   defining Unicode char U+00E0 (decimal 224)
   defining Unicode char U+00E1 (decimal 225)
   defining Unicode char U+00E2 (decimal 226)
   defining Unicode char U+00E3 (decimal 227)
   defining Unicode char U+00E4 (decimal 228)
   defining Unicode char U+00E5 (decimal 229)
   defining Unicode char U+00E6 (decimal 230)
   defining Unicode char U+00E7 (decimal 231)
   defining Unicode char U+00E8 (decimal 232)
   defining Unicode char U+00E9 (decimal 233)
   defining Unicode char U+00EA (decimal 234)
   defining Unicode char U+00EB (decimal 235)
   defining Unicode char U+00EC (decimal 236)
   defining Unicode char U+00ED (decimal 237)
   defining Unicode char U+00EE (decimal 238)
   defining Unicode char U+00EF (decimal 239)
   defining Unicode char U+00F0 (decimal 240)
   defining Unicode char U+00F1 (decimal 241)
   defining Unicode char U+00F2 (decimal 242)
   defining Unicode char U+00F3 (decimal 243)
   defining Unicode char U+00F4 (decimal 244)
   defining Unicode char U+00F5 (decimal 245)
   defining Unicode char U+00F6 (decimal 246)
   defining Unicode char U+00F8 (decimal 248)
   defining Unicode char U+00F9 (decimal 249)
   defining Unicode char U+00FA (decimal 250)
   defining Unicode char U+00FB (decimal 251)
   defining Unicode char U+00FC (decimal 252)
   defining Unicode char U+00FD (decimal 253)
   defining Unicode char U+00FE (decimal 254)
   defining Unicode char U+00FF (decimal 255)
   defining Unicode char U+0102 (decimal 258)
   defining Unicode char U+0103 (decimal 259)
   defining Unicode char U+0104 (decimal 260)
   defining Unicode char U+0105 (decimal 261)
   defining Unicode char U+0106 (decimal 262)
   defining Unicode char U+0107 (decimal 263)
   defining Unicode char U+010C (decimal 268)
   defining Unicode char U+010D (decimal 269)
   defining Unicode char U+010E (decimal 270)
   defining Unicode char U+010F (decimal 271)
   defining Unicode char U+0110 (decimal 272)
   defining Unicode char U+0111 (decimal 273)
   defining Unicode char U+0118 (decimal 280)
   defining Unicode char U+0119 (decimal 281)
   defining Unicode char U+011A (decimal 282)
   defining Unicode char U+011B (decimal 283)
   defining Unicode char U+011E (decimal 286)
   defining Unicode char U+011F (decimal 287)
   defining Unicode char U+0130 (decimal 304)
   defining Unicode char U+0131 (decimal 305)
   defining Unicode char U+0132 (decimal 306)
   defining Unicode char U+0133 (decimal 307)
   defining Unicode char U+0139 (decimal 313)
   defining Unicode char U+013A (decimal 314)
   defining Unicode char U+013D (decimal 317)
   defining Unicode char U+013E (decimal 318)
   defining Unicode char U+0141 (decimal 321)
   defining Unicode char U+0142 (decimal 322)
   defining Unicode char U+0143 (decimal 323)
   defining Unicode char U+0144 (decimal 324)
   defining Unicode char U+0147 (decimal 327)
   defining Unicode char U+0148 (decimal 328)
   defining Unicode char U+014A (decimal 330)
   defining Unicode char U+014B (decimal 331)
   defining Unicode char U+0150 (decimal 336)
   defining Unicode char U+0151 (decimal 337)
   defining Unicode char U+0152 (decimal 338)
   defining Unicode char U+0153 (decimal 339)
   defining Unicode char U+0154 (decimal 340)
   defining Unicode char U+0155 (decimal 341)
   defining Unicode char U+0158 (decimal 344)
   defining Unicode char U+0159 (decimal 345)
   defining Unicode char U+015A (decimal 346)
   defining Unicode char U+015B (decimal 347)
   defining Unicode char U+015E (decimal 350)
   defining Unicode char U+015F (decimal 351)
   defining Unicode char U+0160 (decimal 352)
   defining Unicode char U+0161 (decimal 353)
   defining Unicode char U+0162 (decimal 354)
   defining Unicode char U+0163 (decimal 355)
   defining Unicode char U+0164 (decimal 356)
   defining Unicode char U+0165 (decimal 357)
   defining Unicode char U+016E (decimal 366)
   defining Unicode char U+016F (decimal 367)
   defining Unicode char U+0170 (decimal 368)
   defining Unicode char U+0171 (decimal 369)
   defining Unicode char U+0178 (decimal 376)
   defining Unicode char U+0179 (decimal 377)
   defining Unicode char U+017A (decimal 378)
   defining Unicode char U+017B (decimal 379)
   defining Unicode char U+017C (decimal 380)
   defining Unicode char U+017D (decimal 381)
   defining Unicode char U+017E (decimal 382)
   defining Unicode char U+200C (decimal 8204)
   defining Unicode char U+2013 (decimal 8211)
   defining Unicode char U+2014 (decimal 8212)
   defining Unicode char U+2018 (decimal 8216)
   defining Unicode char U+2019 (decimal 8217)
   defining Unicode char U+201A (decimal 8218)
   defining Unicode char U+201C (decimal 8220)
   defining Unicode char U+201D (decimal 8221)
   defining Unicode char U+201E (decimal 8222)
   defining Unicode char U+2030 (decimal 8240)
   defining Unicode char U+2031 (decimal 8241)
   defining Unicode char U+2039 (decimal 8249)
   defining Unicode char U+203A (decimal 8250)
   defining Unicode char U+2423 (decimal 9251)
)
Now handling font encoding OT1 ...
... processing UTF-8 mapping file for font encoding OT1

(c:/texlive/2014/texmf-dist/tex/latex/base/ot1enc.dfu
File: ot1enc.dfu 2014/09/29 v1.1m UTF-8 support for inputenc
   defining Unicode char U+00A1 (decimal 161)
   defining Unicode char U+00A3 (decimal 163)
   defining Unicode char U+00B8 (decimal 184)
   defining Unicode char U+00BF (decimal 191)
   defining Unicode char U+00C5 (decimal 197)
   defining Unicode char U+00C6 (decimal 198)
   defining Unicode char U+00D8 (decimal 216)
   defining Unicode char U+00DF (decimal 223)
   defining Unicode char U+00E6 (decimal 230)
   defining Unicode char U+00EC (decimal 236)
   defining Unicode char U+00ED (decimal 237)
   defining Unicode char U+00EE (decimal 238)
   defining Unicode char U+00EF (decimal 239)
   defining Unicode char U+00F8 (decimal 248)
   defining Unicode char U+0131 (decimal 305)
   defining Unicode char U+0141 (decimal 321)
   defining Unicode char U+0142 (decimal 322)
   defining Unicode char U+0152 (decimal 338)
   defining Unicode char U+0153 (decimal 339)
   defining Unicode char U+2013 (decimal 8211)
   defining Unicode char U+2014 (decimal 8212)
   defining Unicode char U+2018 (decimal 8216)
   defining Unicode char U+2019 (decimal 8217)
   defining Unicode char U+201C (decimal 8220)
   defining Unicode char U+201D (decimal 8221)
)
Now handling font encoding OMS ...
... processing UTF-8 mapping file for font encoding OMS

(c:/texlive/2014/texmf-dist/tex/latex/base/omsenc.dfu
File: omsenc.dfu 2014/09/29 v1.1m UTF-8 support for inputenc
   defining Unicode char U+00A7 (decimal 167)
   defining Unicode char U+00B6 (decimal 182)
   defining Unicode char U+00B7 (decimal 183)
   defining Unicode char U+2020 (decimal 8224)
   defining Unicode char U+2021 (decimal 8225)
   defining Unicode char U+2022 (decimal 8226)
)
Now handling font encoding OMX ...
... no UTF-8 mapping file for font encoding OMX
Now handling font encoding U ...
... no UTF-8 mapping file for font encoding U
Now handling font encoding PD1 ...
... no UTF-8 mapping file for font encoding PD1
   defining Unicode char U+00A9 (decimal 169)
   defining Unicode char U+00AA (decimal 170)
   defining Unicode char U+00AE (decimal 174)
   defining Unicode char U+00BA (decimal 186)
   defining Unicode char U+02C6 (decimal 710)
   defining Unicode char U+02DC (decimal 732)
   defining Unicode char U+200C (decimal 8204)
   defining Unicode char U+2026 (decimal 8230)
   defining Unicode char U+2122 (decimal 8482)
   defining Unicode char U+2423 (decimal 9251)
))
(c:/texlive/2014/texmf-dist/tex/latex/base/fontenc.sty
Package: fontenc 2005/09/27 v1.99g Standard LaTeX package

(c:/texlive/2014/texmf-dist/tex/latex/base/t1enc.def
File: t1enc.def 2005/09/27 v1.99g Standard LaTeX file
LaTeX Font Info:    Redeclaring font encoding T1 on input line 43.
))
(c:/texlive/2014/texmf-dist/tex/latex/graphics/graphicx.sty
Package: graphicx 2014/10/28 v1.0g Enhanced LaTeX Graphics (DPC,SPQR)

(c:/texlive/2014/texmf-dist/tex/latex/graphics/graphics.sty
Package: graphics 2014/10/28 v1.0p Standard LaTeX Graphics (DPC,SPQR)

(c:/texlive/2014/texmf-dist/tex/latex/graphics/trig.sty
Package: trig 1999/03/16 v1.09 sin cos tan (DPC)
)
(c:/texlive/2014/texmf-dist/tex/latex/latexconfig/graphics.cfg
File: graphics.cfg 2010/04/23 v1.9 graphics configuration of TeX Live
)
Package graphics Info: Driver file: pdftex.def on input line 91.

(c:/texlive/2014/texmf-dist/tex/latex/pdftex-def/pdftex.def
File: pdftex.def 2011/05/27 v0.06d Graphics/color for pdfTeX
\Gread@gobject=\count172
))
\Gin@req@height=\dimen161
\Gin@req@width=\dimen162
)
(c:/texlive/2014/texmf-dist/tex/latex/amsfonts/amsfonts.sty
Package: amsfonts 2013/01/14 v3.01 Basic AMSFonts support
\@emptytoks=\toks27
\symAMSa=\mathgroup4
\symAMSb=\mathgroup5
LaTeX Font Info:    Overwriting math alphabet `\mathfrak' in version `bold'
(Font)                  U/euf/m/n --> U/euf/b/n on input line 106.
)
(c:/texlive/2014/texmf-dist/tex/latex/amsfonts/amssymb.sty
Package: amssymb 2013/01/14 v3.01 AMS font symbols
)
(c:/texlive/2014/texmf-dist/tex/latex/amsmath/amsmath.sty
Package: amsmath 2013/01/14 v2.14 AMS math features
\@mathmargin=\skip218

For additional information on amsmath, use the `?' option.
(c:/texlive/2014/texmf-dist/tex/latex/amsmath/amstext.sty
Package: amstext 2000/06/29 v2.01

(c:/texlive/2014/texmf-dist/tex/latex/amsmath/amsgen.sty
File: amsgen.sty 1999/11/30 v2.0
\@emptytoks=\toks28
\ex@=\dimen163
))
(c:/texlive/2014/texmf-dist/tex/latex/amsmath/amsbsy.sty
Package: amsbsy 1999/11/29 v1.2d
\pmbraise@=\dimen164
)
(c:/texlive/2014/texmf-dist/tex/latex/amsmath/amsopn.sty
Package: amsopn 1999/12/14 v2.01 operator names
)
\inf@bad=\count173
LaTeX Info: Redefining \frac on input line 210.
\uproot@=\count174
\leftroot@=\count175
LaTeX Info: Redefining \overline on input line 306.
\classnum@=\count176
\DOTSCASE@=\count177
LaTeX Info: Redefining \ldots on input line 378.
LaTeX Info: Redefining \dots on input line 381.
LaTeX Info: Redefining \cdots on input line 466.
\Mathstrutbox@=\box38
\strutbox@=\box39
\big@size=\dimen165
LaTeX Font Info:    Redeclaring font encoding OML on input line 566.
LaTeX Font Info:    Redeclaring font encoding OMS on input line 567.
\macc@depth=\count178
\c@MaxMatrixCols=\count179
\dotsspace@=\muskip11
\c@parentequation=\count180
\dspbrk@lvl=\count181
\tag@help=\toks29
\row@=\count182
\column@=\count183
\maxfields@=\count184
\andhelp@=\toks30
\eqnshift@=\dimen166
\alignsep@=\dimen167
\tagshift@=\dimen168
\tagwidth@=\dimen169
\totwidth@=\dimen170
\lineht@=\dimen171
\@envbody=\toks31
\multlinegap=\skip219
\multlinetaggap=\skip220
\mathdisplay@stack=\toks32
LaTeX Info: Redefining \[ on input line 2665.
LaTeX Info: Redefining \] on input line 2666.
)
(c:/texlive/2014/texmf-dist/tex/latex/multirow/multirow.sty
\bigstrutjot=\dimen172
)
(c:/texlive/2014/texmf-dist/tex/latex/tools/indentfirst.sty
Package: indentfirst 1995/11/23 v1.03 Indent first paragraph (DPC)
)
(c:/texlive/2014/texmf-dist/tex/latex/microtype/microtype.sty
Package: microtype 2013/05/23 v2.5a Micro-typographical refinements (RS)
\MT@toks=\toks33
\MT@count=\count185
LaTeX Info: Redefining \textls on input line 766.
\MT@outer@kern=\dimen173
LaTeX Info: Redefining \textmicrotypecontext on input line 1285.
\MT@listname@count=\count186

(c:/texlive/2014/texmf-dist/tex/latex/microtype/microtype-pdftex.def
File: microtype-pdftex.def 2013/05/23 v2.5a Definitions specific to pdftex (RS)

LaTeX Info: Redefining \lsstyle on input line 915.
LaTeX Info: Redefining \lslig on input line 915.
\MT@outer@space=\skip221
)
Package microtype Info: Loading configuration file microtype.cfg.

(c:/texlive/2014/texmf-dist/tex/latex/microtype/microtype.cfg
File: microtype.cfg 2013/05/23 v2.5a microtype main configuration file (RS)
))
(c:/texlive/2014/texmf-dist/tex/latex/float/float.sty
Package: float 2001/11/08 v1.3d Float enhancements (AL)
\c@float@type=\count187
\float@exts=\toks34
\float@box=\box40
\@float@everytoks=\toks35
\@floatcapt=\box41
)
(c:/texlive/2014/texmf-dist/tex/latex/was/icomma.sty
Package: icomma 2002/03/10 v2.0 (WaS)
)
(c:/texlive/2014/texmf-dist/tex/latex/psnfss/palatino.sty
Package: palatino 2005/04/12 PSNFSS-v9.2a (SPQR) 
)

Class memoir Warning: You are using the caption package with the memoir class. 
To prepare we will now reset all captioning macros and configurations to kernel
 defaults, and then let the caption package take over. Please remember to use t
he caption package interfaces in order to configure your captions. .

(c:/texlive/2014/texmf-dist/tex/latex/caption/caption.sty
Package: caption 2013/05/02 v3.3-89 Customizing captions (AR)

(c:/texlive/2014/texmf-dist/tex/latex/caption/caption3.sty
Package: caption3 2013/05/02 v1.6-88 caption3 kernel (AR)
Package caption3 Info: TeX engine: e-TeX on input line 57.
\captionmargin=\dimen174
\captionmargin@=\dimen175
\captionwidth=\dimen176
\caption@tempdima=\dimen177
\caption@indent=\dimen178
\caption@parindent=\dimen179
\caption@hangindent=\dimen180
)
\c@ContinuedFloat=\count188
Package caption Info: float package is loaded.
Package caption Info: hyperref package is loaded.
)
(c:/texlive/2014/texmf-dist/tex/latex/caption/subcaption.sty
Package: subcaption 2013/02/03 v1.1-62 Sub-captions (AR)
\c@subfigure=\count189
\c@subtable=\count190
)
(c:/texlive/2014/texmf-dist/tex/latex/xcolor/xcolor.sty
Package: xcolor 2007/01/21 v2.11 LaTeX color extensions (UK)

(c:/texlive/2014/texmf-dist/tex/latex/latexconfig/color.cfg
File: color.cfg 2007/01/18 v1.5 color configuration of teTeX/TeXLive
)
Package xcolor Info: Driver file: pdftex.def on input line 225.

(c:/texlive/2014/texmf-dist/tex/latex/colortbl/colortbl.sty
Package: colortbl 2012/02/13 v1.0a Color table columns (DPC)
\everycr=\toks36
\minrowclearance=\skip222
)
\rownum=\count191
Package xcolor Info: Model `cmy' substituted by `cmy0' on input line 1337.
Package xcolor Info: Model `hsb' substituted by `rgb' on input line 1341.
Package xcolor Info: Model `RGB' extended on input line 1353.
Package xcolor Info: Model `HTML' substituted by `rgb' on input line 1355.
Package xcolor Info: Model `Hsb' substituted by `hsb' on input line 1356.
Package xcolor Info: Model `tHsb' substituted by `hsb' on input line 1357.
Package xcolor Info: Model `HSB' substituted by `hsb' on input line 1358.
Package xcolor Info: Model `Gray' substituted by `gray' on input line 1359.
Package xcolor Info: Model `wave' substituted by `hsb' on input line 1360.
)
(c:/texlive/2014/texmf-dist/tex/latex/was/gensymb.sty
Package: gensymb 2003/07/02 v1.0 (WaS)
)
(c:/texlive/2014/texmf-dist/tex/latex/pgf/frontendlayer/tikz.sty
(c:/texlive/2014/texmf-dist/tex/latex/pgf/basiclayer/pgf.sty
(c:/texlive/2014/texmf-dist/tex/latex/pgf/utilities/pgfrcs.sty
(c:/texlive/2014/texmf-dist/tex/generic/pgf/utilities/pgfutil-common.tex
\pgfutil@everybye=\toks37
\pgfutil@tempdima=\dimen181
\pgfutil@tempdimb=\dimen182

(c:/texlive/2014/texmf-dist/tex/generic/pgf/utilities/pgfutil-common-lists.tex)
) (c:/texlive/2014/texmf-dist/tex/generic/pgf/utilities/pgfutil-latex.def
\pgfutil@abb=\box42

(c:/texlive/2014/texmf-dist/tex/latex/ms/everyshi.sty
Package: everyshi 2001/05/15 v3.00 EveryShipout Package (MS)
))
(c:/texlive/2014/texmf-dist/tex/generic/pgf/utilities/pgfrcs.code.tex
Package: pgfrcs 2013/12/20 v3.0.0 (rcs-revision 1.28)
))
Package: pgf 2013/12/18 v3.0.0 (rcs-revision 1.14)

(c:/texlive/2014/texmf-dist/tex/latex/pgf/basiclayer/pgfcore.sty
(c:/texlive/2014/texmf-dist/tex/latex/pgf/systemlayer/pgfsys.sty
(c:/texlive/2014/texmf-dist/tex/generic/pgf/systemlayer/pgfsys.code.tex
Package: pgfsys 2013/11/30 v3.0.0 (rcs-revision 1.47)

(c:/texlive/2014/texmf-dist/tex/generic/pgf/utilities/pgfkeys.code.tex
\pgfkeys@pathtoks=\toks38
\pgfkeys@temptoks=\toks39

(c:/texlive/2014/texmf-dist/tex/generic/pgf/utilities/pgfkeysfiltered.code.tex
\pgfkeys@tmptoks=\toks40
))
\pgf@x=\dimen183
\pgf@y=\dimen184
\pgf@xa=\dimen185
\pgf@ya=\dimen186
\pgf@xb=\dimen187
\pgf@yb=\dimen188
\pgf@xc=\dimen189
\pgf@yc=\dimen190
\w@pgf@writea=\write4
\r@pgf@reada=\read2
\c@pgf@counta=\count192
\c@pgf@countb=\count193
\c@pgf@countc=\count194
\c@pgf@countd=\count195
\t@pgf@toka=\toks41
\t@pgf@tokb=\toks42
\t@pgf@tokc=\toks43
 (c:/texlive/2014/texmf-dist/tex/generic/pgf/systemlayer/pgf.cfg
File: pgf.cfg 2008/05/14  (rcs-revision 1.7)
)
Driver file for pgf: pgfsys-pdftex.def

(c:/texlive/2014/texmf-dist/tex/generic/pgf/systemlayer/pgfsys-pdftex.def
File: pgfsys-pdftex.def 2013/07/18  (rcs-revision 1.33)

(c:/texlive/2014/texmf-dist/tex/generic/pgf/systemlayer/pgfsys-common-pdf.def
File: pgfsys-common-pdf.def 2013/10/10  (rcs-revision 1.13)
)))
(c:/texlive/2014/texmf-dist/tex/generic/pgf/systemlayer/pgfsyssoftpath.code.tex
File: pgfsyssoftpath.code.tex 2013/09/09  (rcs-revision 1.9)
\pgfsyssoftpath@smallbuffer@items=\count196
\pgfsyssoftpath@bigbuffer@items=\count197
)
(c:/texlive/2014/texmf-dist/tex/generic/pgf/systemlayer/pgfsysprotocol.code.tex
File: pgfsysprotocol.code.tex 2006/10/16  (rcs-revision 1.4)
)) (c:/texlive/2014/texmf-dist/tex/generic/pgf/basiclayer/pgfcore.code.tex
Package: pgfcore 2010/04/11 v3.0.0 (rcs-revision 1.7)

(c:/texlive/2014/texmf-dist/tex/generic/pgf/math/pgfmath.code.tex
(c:/texlive/2014/texmf-dist/tex/generic/pgf/math/pgfmathcalc.code.tex
(c:/texlive/2014/texmf-dist/tex/generic/pgf/math/pgfmathutil.code.tex)
(c:/texlive/2014/texmf-dist/tex/generic/pgf/math/pgfmathparser.code.tex
\pgfmath@dimen=\dimen191
\pgfmath@count=\count198
\pgfmath@box=\box43
\pgfmath@toks=\toks44
\pgfmath@stack@operand=\toks45
\pgfmath@stack@operation=\toks46
)
(c:/texlive/2014/texmf-dist/tex/generic/pgf/math/pgfmathfunctions.code.tex
(c:/texlive/2014/texmf-dist/tex/generic/pgf/math/pgfmathfunctions.basic.code.te
x)
(c:/texlive/2014/texmf-dist/tex/generic/pgf/math/pgfmathfunctions.trigonometric
.code.tex)
(c:/texlive/2014/texmf-dist/tex/generic/pgf/math/pgfmathfunctions.random.code.t
ex)
(c:/texlive/2014/texmf-dist/tex/generic/pgf/math/pgfmathfunctions.comparison.co
de.tex)
(c:/texlive/2014/texmf-dist/tex/generic/pgf/math/pgfmathfunctions.base.code.tex
)
(c:/texlive/2014/texmf-dist/tex/generic/pgf/math/pgfmathfunctions.round.code.te
x)
(c:/texlive/2014/texmf-dist/tex/generic/pgf/math/pgfmathfunctions.misc.code.tex
)
(c:/texlive/2014/texmf-dist/tex/generic/pgf/math/pgfmathfunctions.integerarithm
etics.code.tex)))
(c:/texlive/2014/texmf-dist/tex/generic/pgf/math/pgfmathfloat.code.tex
\c@pgfmathroundto@lastzeros=\count199
))
(c:/texlive/2014/texmf-dist/tex/generic/pgf/basiclayer/pgfcorepoints.code.tex
File: pgfcorepoints.code.tex 2013/10/07  (rcs-revision 1.27)
\pgf@picminx=\dimen192
\pgf@picmaxx=\dimen193
\pgf@picminy=\dimen194
\pgf@picmaxy=\dimen195
\pgf@pathminx=\dimen196
\pgf@pathmaxx=\dimen197
\pgf@pathminy=\dimen198
\pgf@pathmaxy=\dimen199
\pgf@xx=\dimen200
\pgf@xy=\dimen201
\pgf@yx=\dimen202
\pgf@yy=\dimen203
\pgf@zx=\dimen204
\pgf@zy=\dimen205
)
(c:/texlive/2014/texmf-dist/tex/generic/pgf/basiclayer/pgfcorepathconstruct.cod
e.tex
File: pgfcorepathconstruct.code.tex 2013/10/07  (rcs-revision 1.29)
\pgf@path@lastx=\dimen206
\pgf@path@lasty=\dimen207
)
(c:/texlive/2014/texmf-dist/tex/generic/pgf/basiclayer/pgfcorepathusage.code.te
x
File: pgfcorepathusage.code.tex 2013/12/13  (rcs-revision 1.23)
\pgf@shorten@end@additional=\dimen208
\pgf@shorten@start@additional=\dimen209
)
(c:/texlive/2014/texmf-dist/tex/generic/pgf/basiclayer/pgfcorescopes.code.tex
File: pgfcorescopes.code.tex 2013/10/09  (rcs-revision 1.44)
\pgfpic=\box44
\pgf@hbox=\box45
\pgf@layerbox@main=\box46
\pgf@picture@serial@count=\count200
)
(c:/texlive/2014/texmf-dist/tex/generic/pgf/basiclayer/pgfcoregraphicstate.code
.tex
File: pgfcoregraphicstate.code.tex 2013/09/19  (rcs-revision 1.11)
\pgflinewidth=\dimen210
)
(c:/texlive/2014/texmf-dist/tex/generic/pgf/basiclayer/pgfcoretransformations.c
ode.tex
File: pgfcoretransformations.code.tex 2013/10/10  (rcs-revision 1.17)
\pgf@pt@x=\dimen211
\pgf@pt@y=\dimen212
\pgf@pt@temp=\dimen213
)
(c:/texlive/2014/texmf-dist/tex/generic/pgf/basiclayer/pgfcorequick.code.tex
File: pgfcorequick.code.tex 2008/10/09  (rcs-revision 1.3)
)
(c:/texlive/2014/texmf-dist/tex/generic/pgf/basiclayer/pgfcoreobjects.code.tex
File: pgfcoreobjects.code.tex 2006/10/11  (rcs-revision 1.2)
)
(c:/texlive/2014/texmf-dist/tex/generic/pgf/basiclayer/pgfcorepathprocessing.co
de.tex
File: pgfcorepathprocessing.code.tex 2013/09/09  (rcs-revision 1.9)
)
(c:/texlive/2014/texmf-dist/tex/generic/pgf/basiclayer/pgfcorearrows.code.tex
File: pgfcorearrows.code.tex 2013/11/07  (rcs-revision 1.40)
\pgfarrowsep=\dimen214
)
(c:/texlive/2014/texmf-dist/tex/generic/pgf/basiclayer/pgfcoreshade.code.tex
File: pgfcoreshade.code.tex 2013/07/15  (rcs-revision 1.15)
\pgf@max=\dimen215
\pgf@sys@shading@range@num=\count201
)
(c:/texlive/2014/texmf-dist/tex/generic/pgf/basiclayer/pgfcoreimage.code.tex
File: pgfcoreimage.code.tex 2013/07/15  (rcs-revision 1.18)

(c:/texlive/2014/texmf-dist/tex/generic/pgf/basiclayer/pgfcoreexternal.code.tex
File: pgfcoreexternal.code.tex 2013/07/15  (rcs-revision 1.20)
\pgfexternal@startupbox=\box47
))
(c:/texlive/2014/texmf-dist/tex/generic/pgf/basiclayer/pgfcorelayers.code.tex
File: pgfcorelayers.code.tex 2013/07/18  (rcs-revision 1.7)
)
(c:/texlive/2014/texmf-dist/tex/generic/pgf/basiclayer/pgfcoretransparency.code
.tex
File: pgfcoretransparency.code.tex 2013/09/30  (rcs-revision 1.5)
)
(c:/texlive/2014/texmf-dist/tex/generic/pgf/basiclayer/pgfcorepatterns.code.tex
File: pgfcorepatterns.code.tex 2013/11/07  (rcs-revision 1.5)
)))
(c:/texlive/2014/texmf-dist/tex/generic/pgf/modules/pgfmoduleshapes.code.tex
File: pgfmoduleshapes.code.tex 2013/10/31  (rcs-revision 1.34)
\pgfnodeparttextbox=\box48
)
(c:/texlive/2014/texmf-dist/tex/generic/pgf/modules/pgfmoduleplot.code.tex
File: pgfmoduleplot.code.tex 2013/07/31  (rcs-revision 1.12)
)
(c:/texlive/2014/texmf-dist/tex/latex/pgf/compatibility/pgfcomp-version-0-65.st
y
Package: pgfcomp-version-0-65 2007/07/03 v3.0.0 (rcs-revision 1.7)
\pgf@nodesepstart=\dimen216
\pgf@nodesepend=\dimen217
)
(c:/texlive/2014/texmf-dist/tex/latex/pgf/compatibility/pgfcomp-version-1-18.st
y
Package: pgfcomp-version-1-18 2007/07/23 v3.0.0 (rcs-revision 1.1)
)) (c:/texlive/2014/texmf-dist/tex/latex/pgf/utilities/pgffor.sty
(c:/texlive/2014/texmf-dist/tex/latex/pgf/utilities/pgfkeys.sty
(c:/texlive/2014/texmf-dist/tex/generic/pgf/utilities/pgfkeys.code.tex))
(c:/texlive/2014/texmf-dist/tex/latex/pgf/math/pgfmath.sty
(c:/texlive/2014/texmf-dist/tex/generic/pgf/math/pgfmath.code.tex))
(c:/texlive/2014/texmf-dist/tex/generic/pgf/utilities/pgffor.code.tex
Package: pgffor 2013/12/13 v3.0.0 (rcs-revision 1.25)

(c:/texlive/2014/texmf-dist/tex/generic/pgf/math/pgfmath.code.tex)
\pgffor@iter=\dimen218
\pgffor@skip=\dimen219
\pgffor@stack=\toks47
\pgffor@toks=\toks48
))
(c:/texlive/2014/texmf-dist/tex/generic/pgf/frontendlayer/tikz/tikz.code.tex
Package: tikz 2013/12/13 v3.0.0 (rcs-revision 1.142)

(c:/texlive/2014/texmf-dist/tex/generic/pgf/libraries/pgflibraryplothandlers.co
de.tex
File: pgflibraryplothandlers.code.tex 2013/08/31 v3.0.0 (rcs-revision 1.20)
\pgf@plot@mark@count=\count202
\pgfplotmarksize=\dimen220
)
\tikz@lastx=\dimen221
\tikz@lasty=\dimen222
\tikz@lastxsaved=\dimen223
\tikz@lastysaved=\dimen224
\tikzleveldistance=\dimen225
\tikzsiblingdistance=\dimen226
\tikz@figbox=\box49
\tikz@figbox@bg=\box50
\tikz@tempbox=\box51
\tikz@tempbox@bg=\box52
\tikztreelevel=\count203
\tikznumberofchildren=\count204
\tikznumberofcurrentchild=\count205
\tikz@fig@count=\count206

(c:/texlive/2014/texmf-dist/tex/generic/pgf/modules/pgfmodulematrix.code.tex
File: pgfmodulematrix.code.tex 2013/09/17  (rcs-revision 1.8)
\pgfmatrixcurrentrow=\count207
\pgfmatrixcurrentcolumn=\count208
\pgf@matrix@numberofcolumns=\count209
)
\tikz@expandcount=\count210

(c:/texlive/2014/texmf-dist/tex/generic/pgf/frontendlayer/tikz/libraries/tikzli
brarytopaths.code.tex
File: tikzlibrarytopaths.code.tex 2008/06/17 v3.0.0 (rcs-revision 1.2)
)))
\@input{./01-elementos-pre-textuais/preambulo.aux}
\openout2 = `./01-elementos-pre-textuais/preambulo.aux'.

(./01-elementos-pre-textuais/preambulo.tex)
Package hyperref Info: Option `colorlinks' set `true' on input line 67.
Package hyperref Info: Option `breaklinks' set `true' on input line 67.
\main@idxfile=\write5
\openout5 = `main.idx'.


Writing index file main.idx 
(./main.aux (./01-elementos-pre-textuais/capa.aux)
(./01-elementos-pre-textuais/folha-rosto.aux)
(./01-elementos-pre-textuais/folha-aprovacao.aux)
(./01-elementos-pre-textuais/dedicatoria.aux)
(./01-elementos-pre-textuais/agradecimentos.aux)
(./01-elementos-pre-textuais/epigrafe.aux)
(./01-elementos-pre-textuais/resumo-pt.aux)
(./01-elementos-pre-textuais/resumo-en.aux)
(./01-elementos-pre-textuais/lista-figuras.aux)
(./01-elementos-pre-textuais/lista-tabelas.aux)
(./01-elementos-pre-textuais/lista-siglas.aux)
(./01-elementos-pre-textuais/lista-simbolos.aux)
(./01-elementos-pre-textuais/sumario.aux)
(./02-elementos-textuais/introducao.aux)
(./02-elementos-textuais/trab-relacionados.aux)
(./02-elementos-textuais/fund-teorica.aux)
(./02-elementos-textuais/metodologia.aux)
(./02-elementos-textuais/desenhoemodelo.aux)
(./02-elementos-textuais/testes.aux

LaTeX Warning: Label `fig:m2piderr' multiply defined.


LaTeX Warning: Label `sub@fig:m2piderr' multiply defined.

) (./02-elementos-textuais/simulacoes.aux)
(./02-elementos-textuais/resultados.aux) (./02-elementos-textuais/conclusao.aux
) (./03-elementos-pos-textuais/referencias.aux))
\openout1 = `main.aux'.

LaTeX Font Info:    Checking defaults for OML/cmm/m/it on input line 78.
LaTeX Font Info:    ... okay on input line 78.
LaTeX Font Info:    Checking defaults for T1/cmr/m/n on input line 78.
LaTeX Font Info:    ... okay on input line 78.
LaTeX Font Info:    Checking defaults for OT1/cmr/m/n on input line 78.
LaTeX Font Info:    ... okay on input line 78.
LaTeX Font Info:    Checking defaults for OMS/cmsy/m/n on input line 78.
LaTeX Font Info:    ... okay on input line 78.
LaTeX Font Info:    Checking defaults for OMX/cmex/m/n on input line 78.
LaTeX Font Info:    ... okay on input line 78.
LaTeX Font Info:    Checking defaults for U/cmr/m/n on input line 78.
LaTeX Font Info:    ... okay on input line 78.
LaTeX Font Info:    Checking defaults for PD1/pdf/m/n on input line 78.
LaTeX Font Info:    ... okay on input line 78.
LaTeX Font Info:    Try loading font information for T1+ppl on input line 78.

(c:/texlive/2014/texmf-dist/tex/latex/psnfss/t1ppl.fd
File: t1ppl.fd 2001/06/04 font definitions for T1/ppl.
)
\AtBeginShipoutBox=\box53
Package hyperref Info: Link coloring ON on input line 78.

(c:/texlive/2014/texmf-dist/tex/latex/hyperref/nameref.sty
Package: nameref 2012/10/27 v2.43 Cross-referencing by name of section

(c:/texlive/2014/texmf-dist/tex/generic/oberdiek/gettitlestring.sty
Package: gettitlestring 2010/12/03 v1.4 Cleanup title references (HO)
)
\c@section@level=\count211
)
Redoing nameref's sectioning
Redoing nameref's label
LaTeX Info: Redefining \nameref on input line 78.
LaTeX Info: Redefining \ref on input line 78.
LaTeX Info: Redefining \pageref on input line 78.
LaTeX Info: Redefining \nameref on input line 78.
\myptabbox=\box54
\myptabboxwidth=\skip223
(c:/texlive/2014/texmf-dist/tex/context/base/supp-pdf.mkii
[Loading MPS to PDF converter (version 2006.09.02).]
\scratchcounter=\count212
\scratchdimen=\dimen227
\scratchbox=\box55
\nofMPsegments=\count213
\nofMParguments=\count214
\everyMPshowfont=\toks49
\MPscratchCnt=\count215
\MPscratchDim=\dimen228
\MPnumerator=\count216
\makeMPintoPDFobject=\count217
\everyMPtoPDFconversion=\toks50
) (c:/texlive/2014/texmf-dist/tex/latex/oberdiek/epstopdf-base.sty
Package: epstopdf-base 2010/02/09 v2.5 Base part for package epstopdf

(c:/texlive/2014/texmf-dist/tex/latex/oberdiek/grfext.sty
Package: grfext 2010/08/19 v1.1 Manage graphics extensions (HO)
)
Package grfext Info: Graphics extension search list:
(grfext)             [.png,.pdf,.jpg,.mps,.jpeg,.jbig2,.jb2,.PNG,.PDF,.JPG,.JPE
G,.JBIG2,.JB2,.eps]
(grfext)             \AppendGraphicsExtensions on input line 452.

(c:/texlive/2014/texmf-dist/tex/latex/latexconfig/epstopdf-sys.cfg
File: epstopdf-sys.cfg 2010/07/13 v1.3 Configuration of (r)epstopdf for TeX Liv
e
))
LaTeX Info: Redefining \microtypecontext on input line 78.
Package microtype Info: Generating PDF output.
Package microtype Info: Character protrusion enabled (level 2).
Package microtype Info: Using default protrusion set `alltext'.
Package microtype Info: Automatic font expansion enabled (level 2),
(microtype)             stretch: 20, shrink: 20, step: 1, non-selected.
Package microtype Info: Using default expansion set `basictext'.
Package microtype Info: No adjustment of tracking.
Package microtype Info: No adjustment of interword spacing.
Package microtype Info: No adjustment of character kerning.

(c:/texlive/2014/texmf-dist/tex/latex/microtype/mt-ppl.cfg
File: mt-ppl.cfg 2005/11/16 v1.6 microtype config. file: Palatino (RS)
)
Package caption Info: Begin \AtBeginDocument code.
Package caption Info: End \AtBeginDocument code.
LaTeX Info: Redefining \celsius on input line 78.
Package gensymb Info: Faking symbols for \degree and \celsius on input line 78.



Package gensymb Warning: Not defining \perthousand.

LaTeX Info: Redefining \ohm on input line 78.
Package gensymb Info: Using \Omega for \ohm on input line 78.

Package gensymb Warning: Not defining \micro.

ABD: EveryShipout initializing macros
\openout2 = `./01-elementos-pre-textuais/capa.aux'.

 (./01-elementos-pre-textuais/capa.tex
<./04-figuras/cefet-logo.pdf, id=7, 508.71927pt x 324.1442pt>
File: ./04-figuras/cefet-logo.pdf Graphic file (type pdf)

<use ./04-figuras/cefet-logo.pdf>
Package pdftex.def Info: ./04-figuras/cefet-logo.pdf used on input line 10.
(pdftex.def)             Requested size: 69.16115pt x 44.06422pt.

(c:/texlive/2014/texmf-dist/tex/latex/microtype/mt-cmr.cfg
File: mt-cmr.cfg 2013/05/19 v2.2 microtype config. file: Computer Modern Roman 
(RS)
)
LaTeX Font Info:    Try loading font information for U+msa on input line 11.

(c:/texlive/2014/texmf-dist/tex/latex/amsfonts/umsa.fd
File: umsa.fd 2013/01/14 v3.01 AMS symbols A
)
(c:/texlive/2014/texmf-dist/tex/latex/microtype/mt-msa.cfg
File: mt-msa.cfg 2006/02/04 v1.1 microtype config. file: AMS symbols (a) (RS)
)
LaTeX Font Info:    Try loading font information for U+msb on input line 11.

(c:/texlive/2014/texmf-dist/tex/latex/amsfonts/umsb.fd
File: umsb.fd 2013/01/14 v3.01 AMS symbols B
)
(c:/texlive/2014/texmf-dist/tex/latex/microtype/mt-msb.cfg
File: mt-msb.cfg 2005/06/01 v1.0 microtype config. file: AMS symbols (b) (RS)
)
LaTeX Font Info:    Font shape `T1/ppl/bx/n' in size <12> not available
(Font)              Font shape `T1/ppl/b/n' tried instead on input line 29.
LaTeX Font Info:    Font shape `T1/ppl/bx/n' in size <17.28> not available
(Font)              Font shape `T1/ppl/b/n' tried instead on input line 29.
LaTeX Font Info:    Font shape `T1/ppl/bx/sc' in size <17.28> not available
(Font)              Font shape `T1/ppl/b/sc' tried instead on input line 29.
LaTeX Font Info:    Font shape `T1/ppl/bx/sc' in size <14.4> not available
(Font)              Font shape `T1/ppl/b/sc' tried instead on input line 38.
 [1




{c:/texlive/2014/texmf-var/fonts/map/pdftex/updmap/pdftex.map} <./04-figuras/ce
fet-logo.pdf>])
\openout2 = `./01-elementos-pre-textuais/folha-rosto.aux'.


(./01-elementos-pre-textuais/folha-rosto.tex
Underfull \hbox (badness 10000) in paragraph at lines 43--43
[]|\T1/ppl/m/n/10.95 (+20) Proposta de Tra-ba-lho de Con-clu-so de Curso
 []

pdfTeX warning (ext4): destination with the same identifier (name{page.i}) has 
been already used, duplicate ignored
<to be read again> 
                   \relax 
l.55 \end{folhaderosto}
                        [1





])
\openout2 = `./01-elementos-pre-textuais/folha-aprovacao.aux'.

 (./01-elementos-pre-textuais/folha-aprovacao.tex
Underfull \hbox (badness 10000) in paragraph at lines 7--10

 []


Underfull \hbox (badness 10000) in paragraph at lines 17--20

 []


Underfull \hbox (badness 10000) in paragraph at lines 17--20

 []

) [2



]
\openout2 = `./01-elementos-pre-textuais/dedicatoria.aux'.

 (./01-elementos-pre-textuais/dedicatoria.tex) [3


]
\openout2 = `./01-elementos-pre-textuais/agradecimentos.aux'.


(./01-elementos-pre-textuais/agradecimentos.tex [4



])
\openout2 = `./01-elementos-pre-textuais/epigrafe.aux'.


(./01-elementos-pre-textuais/epigrafe.tex) [5



]
\openout2 = `./01-elementos-pre-textuais/resumo-pt.aux'.


(./01-elementos-pre-textuais/resumo-pt.tex [6


])
\openout2 = `./01-elementos-pre-textuais/resumo-en.aux'.


(./01-elementos-pre-textuais/resumo-en.tex [7



])
\openout2 = `./01-elementos-pre-textuais/lista-figuras.aux'.


(./01-elementos-pre-textuais/lista-figuras.tex (./main.lof) [8



])
\openout2 = `./01-elementos-pre-textuais/lista-tabelas.aux'.


(./01-elementos-pre-textuais/lista-tabelas.tex (./main.lot) [9



])
\openout2 = `./01-elementos-pre-textuais/lista-siglas.aux'.


(./01-elementos-pre-textuais/lista-siglas.tex [10




])
\openout2 = `./01-elementos-pre-textuais/lista-simbolos.aux'.


(./01-elementos-pre-textuais/lista-simbolos.tex [11




] [12])
\openout2 = `./01-elementos-pre-textuais/sumario.aux'.


(./01-elementos-pre-textuais/sumario.tex (./main.toc [13



]) [14])
\openout2 = `./02-elementos-textuais/introducao.aux'.


(./02-elementos-textuais/introducao.tex [1




] [2]
LaTeX Font Info:    Try loading font information for OMS+ppl on input line 41.

(c:/texlive/2014/texmf-dist/tex/latex/psnfss/omsppl.fd
File: omsppl.fd 
)
LaTeX Font Info:    Font shape `OMS/ppl/m/it' in size <12> not available
(Font)              Font shape `OMS/cmsy/m/n' tried instead on input line 41.
LaTeX Font Info:    Font shape `OMS/ppl/m/n' in size <12> not available
(Font)              Font shape `OMS/cmsy/m/n' tried instead on input line 41.
) [3]
\openout2 = `./02-elementos-textuais/trab-relacionados.aux'.


(./02-elementos-textuais/trab-relacionados.tex [4



]) [5]
\openout2 = `./02-elementos-textuais/fund-teorica.aux'.


(./02-elementos-textuais/fund-teorica.tex [6



]
<./04-figuras/Estruturasfsica.jpg, id=315, 883.80188pt x 204.01219pt>
File: ./04-figuras/Estruturasfsica.jpg Graphic file (type jpg)

<use ./04-figuras/Estruturasfsica.jpg>
Package pdftex.def Info: ./04-figuras/Estruturasfsica.jpg used on input line 2
6.
(pdftex.def)             Requested size: 284.52756pt x 65.67746pt.
 [7 <./04-figuras/Estruturasfsica.jpg>]
Overfull \hbox (16.75214pt too wide) in paragraph at lines 64--65
[]\T1/ppl/m/n/12 (-20) O \T1/ppl/m/it/12 (-20) LAB-VIEW \T1/ppl/m/n/12 (-20) po
s-sui um m-dulo para pro-gra-mar e con-tro-lar robs \T1/ppl/m/it/12 (-20) Leg
o Mindstorms[]\T1/ppl/m/n/12 (-20) .
 []

[8]) [9]
\openout2 = `./02-elementos-textuais/metodologia.aux'.

 (./02-elementos-textuais/metodologia.tex
<./04-figuras/robo.pdf, id=340, 845.07718pt x 597.55246pt>
File: ./04-figuras/robo.pdf Graphic file (type pdf)

<use ./04-figuras/robo.pdf>
Package pdftex.def Info: ./04-figuras/robo.pdf used on input line 19.
(pdftex.def)             Requested size: 284.52756pt x 201.18655pt.

Overfull \hbox (20.15848pt too wide) in paragraph at lines 26--27
[]\T1/ppl/m/n/12 (-20) Concomitantemente, fo-ram re-a-li-za-das si-mu-la-es, 
atra-vs da fer-ra-menta \T1/ppl/m/it/12 (-20) MATLAB[]\T1/ppl/m/n/12 (-20) ,
 []

[10



] [11 <./04-figuras/robo.pdf>] [12]
<./04-figuras/p1.jpg, id=373, 1524.44531pt x 486.31688pt>
File: ./04-figuras/p1.jpg Graphic file (type jpg)

<use ./04-figuras/p1.jpg>
Package pdftex.def Info: ./04-figuras/p1.jpg used on input line 107.
(pdftex.def)             Requested size: 455.24408pt x 145.22833pt.
 [13 <./04-figuras/p1.jpg>]
<./04-figuras/RedeSerial.png, id=383, 655.44875pt x 494.84875pt>
File: ./04-figuras/RedeSerial.png Graphic file (type png)

<use ./04-figuras/RedeSerial.png>
Package pdftex.def Info: ./04-figuras/RedeSerial.png used on input line 120.
(pdftex.def)             Requested size: 204.74861pt x 154.57945pt.

<./04-figuras/RedeNXC.png, id=385, 721.69624pt x 514.92375pt>
File: ./04-figuras/RedeNXC.png Graphic file (type png)

<use ./04-figuras/RedeNXC.png>
Package pdftex.def Info: ./04-figuras/RedeNXC.png used on input line 126.
(pdftex.def)             Requested size: 204.74861pt x 146.08693pt.

<./04-figuras/RedeDistribuida.png, id=386, 705.63625pt x 575.14874pt>
File: ./04-figuras/RedeDistribuida.png Graphic file (type png)

<use ./04-figuras/RedeDistribuida.png>
Package pdftex.def Info: ./04-figuras/RedeDistribuida.png used on input line 13
2.
(pdftex.def)             Requested size: 184.27249pt x 150.19334pt.

<./04-figuras/RedeIsolada.png, id=387, 705.63625pt x 575.14874pt>
File: ./04-figuras/RedeIsolada.png Graphic file (type png)

<use ./04-figuras/RedeIsolada.png>
Package pdftex.def Info: ./04-figuras/RedeIsolada.png used on input line 138.
(pdftex.def)             Requested size: 184.27249pt x 150.19334pt.
 [14 <./04-figuras/RedeSerial.png> <./04-figuras/RedeNXC.png> <./04-figuras/Red
eDistribuida.png> <./04-figuras/RedeIsolada.png>] [15] <./04-figuras/esqSistema
.pdf, id=415, 845.07718pt x 597.55246pt>
File: ./04-figuras/esqSistema.pdf Graphic file (type pdf)

<use ./04-figuras/esqSistema.pdf>
Package pdftex.def Info: ./04-figuras/esqSistema.pdf used on input line 208.
(pdftex.def)             Requested size: 455.0pt x 321.73438pt.

<./04-figuras/sistema.pdf, id=416, 845.07718pt x 597.55246pt>
File: ./04-figuras/sistema.pdf Graphic file (type pdf)

<use ./04-figuras/sistema.pdf>
Package pdftex.def Info: ./04-figuras/sistema.pdf used on input line 215.
(pdftex.def)             Requested size: 455.0pt x 321.73438pt.
 [16]
<./04-figuras/sistEstavel2.pdf, id=430, 845.07718pt x 597.55246pt>
File: ./04-figuras/sistEstavel2.pdf Graphic file (type pdf)

<use ./04-figuras/sistEstavel2.pdf>
Package pdftex.def Info: ./04-figuras/sistEstavel2.pdf used on input line 250.
(pdftex.def)             Requested size: 455.0pt x 321.73438pt.
) [17 <./04-figuras/esqSistema.pdf>]
[18 <./04-figuras/sistema.pdf> <./04-figuras/sistEstavel2.pdf

pdfTeX warning: pdflatex.exe (file ./04-figuras/sistEstavel2.pdf): PDF inclusio
n: multiple pdfs with page group included in a single page
>]
\openout2 = `./02-elementos-textuais/desenhoemodelo.aux'.

 (./02-elementos-textuais/desenhoemodelo.tex
<./04-figuras/malha1.pdf, id=501, 845.07718pt x 597.55246pt>
File: ./04-figuras/malha1.pdf Graphic file (type pdf)

<use ./04-figuras/malha1.pdf>
Package pdftex.def Info: ./04-figuras/malha1.pdf used on input line 25.
(pdftex.def)             Requested size: 455.0pt x 321.73438pt.
 [19



] [20 <./04-figuras/malha1.pdf>] [21]
<./04-figuras/malha2.pdf, id=543, 845.07718pt x 597.55246pt>
File: ./04-figuras/malha2.pdf Graphic file (type pdf)

<use ./04-figuras/malha2.pdf>
Package pdftex.def Info: ./04-figuras/malha2.pdf used on input line 105.
(pdftex.def)             Requested size: 455.0pt x 321.73438pt.
 [22 <./04-figuras/malha2.pdf>]) [23]
\openout2 = `./02-elementos-textuais/testes.aux'.


(./02-elementos-textuais/testes.tex [24



]
<./Testes/Malha1/Incremental/Malha1_Inc1.png, id=589, 1203.7472pt x 589.4522pt>
File: ./Testes/Malha1/Incremental/Malha1_Inc1.png Graphic file (type png)
<use ./Testes/Malha1/Incremental/Malha1_Inc1.png>
Package pdftex.def Info: ./Testes/Malha1/Incremental/Malha1_Inc1.png used on in
put line 35.
(pdftex.def)             Requested size: 204.74861pt x 100.2595pt.

<./Testes/Malha1/Incremental/Malha1_Inc6.png, id=590, 1203.7472pt x 589.4522pt>
File: ./Testes/Malha1/Incremental/Malha1_Inc6.png Graphic file (type png)
<use ./Testes/Malha1/Incremental/Malha1_Inc6.png>
Package pdftex.def Info: ./Testes/Malha1/Incremental/Malha1_Inc6.png used on in
put line 41.
(pdftex.def)             Requested size: 204.74861pt x 100.2595pt.

<./Testes/Malha1/Incremental/Malha1_Inc3.png, id=591, 1203.7472pt x 589.4522pt>
File: ./Testes/Malha1/Incremental/Malha1_Inc3.png Graphic file (type png)
<use ./Testes/Malha1/Incremental/Malha1_Inc3.png>
Package pdftex.def Info: ./Testes/Malha1/Incremental/Malha1_Inc3.png used on in
put line 47.
(pdftex.def)             Requested size: 409.49722pt x 200.51903pt.

<./Testes/Malha1/PID/m1_kp10.png, id=594, 1203.7472pt x 589.4522pt>
File: ./Testes/Malha1/PID/m1_kp10.png Graphic file (type png)

<use ./Testes/Malha1/PID/m1_kp10.png>
Package pdftex.def Info: ./Testes/Malha1/PID/m1_kp10.png used on input line 80.

(pdftex.def)             Requested size: 204.74861pt x 100.2595pt.

<./Testes/Malha1/PID/m1_kp10ki15kd06.png, id=595, 1203.7472pt x 589.4522pt>
File: ./Testes/Malha1/PID/m1_kp10ki15kd06.png Graphic file (type png)

<use ./Testes/Malha1/PID/m1_kp10ki15kd06.png>
Package pdftex.def Info: ./Testes/Malha1/PID/m1_kp10ki15kd06.png used on input 
line 86.
(pdftex.def)             Requested size: 204.74861pt x 100.2595pt.

<./Testes/Malha1/PID/m1_kp10ki15.png, id=596, 1203.7472pt x 589.4522pt>
File: ./Testes/Malha1/PID/m1_kp10ki15.png Graphic file (type png)

<use ./Testes/Malha1/PID/m1_kp10ki15.png>
Package pdftex.def Info: ./Testes/Malha1/PID/m1_kp10ki15.png used on input line
 92.
(pdftex.def)             Requested size: 204.74861pt x 100.2595pt.

<./Testes/Malha1/PID/m1_kp10ki17.png, id=597, 1203.7472pt x 589.4522pt>
File: ./Testes/Malha1/PID/m1_kp10ki17.png Graphic file (type png)

<use ./Testes/Malha1/PID/m1_kp10ki17.png>
Package pdftex.def Info: ./Testes/Malha1/PID/m1_kp10ki17.png used on input line
 98.
(pdftex.def)             Requested size: 204.74861pt x 100.2595pt.

<./Testes/Malha1/PID/m1_kp10ki15kd02.png, id=598, 1203.7472pt x 589.4522pt>
File: ./Testes/Malha1/PID/m1_kp10ki15kd02.png Graphic file (type png)

<use ./Testes/Malha1/PID/m1_kp10ki15kd02.png>
Package pdftex.def Info: ./Testes/Malha1/PID/m1_kp10ki15kd02.png used on input 
line 104.
(pdftex.def)             Requested size: 409.49722pt x 200.51903pt.
 [25]
Overfull \hbox (4.78264pt too wide) detected at line 121
\OML/cmm/m/it/12 f\OT1/cmr/m/n/12 (\OML/cmm/m/it/12 ![]\OT1/cmr/m/n/12 ) = \OMS
/cmsy/m/n/12 ^^@\OT1/cmr/m/n/12 0\OML/cmm/m/it/12 :\OT1/cmr/m/n/12 00091\OML/cm
m/m/it/12 ![] \OT1/cmr/m/n/12 + 0\OML/cmm/m/it/12 :\OT1/cmr/m/n/12 0223\OML/cmm
/m/it/12 ![] \OMS/cmsy/m/n/12 ^^@ \OT1/cmr/m/n/12 0\OML/cmm/m/it/12 :\OT1/cmr/m
/n/12 01537\OML/cmm/m/it/12 ![] \OT1/cmr/m/n/12 + 6\OML/cmm/m/it/12 :\OT1/cmr/m
/n/12 1864\OML/cmm/m/it/12 ![] \OMS/cmsy/m/n/12 ^^@ \OT1/cmr/m/n/12 0\OML/cmm/m
/it/12 :\OT1/cmr/m/n/12 0546
 []

[26 <./Testes/Malha1/Incremental/Malha1_Inc1.png (PNG copy)> <./Testes/Malha1/I
ncremental/Malha1_Inc6.png (PNG copy)> <./Testes/Malha1/Incremental/Malha1_Inc3
.png (PNG copy)>]
<./Testes/Malha1/Polinomial/Polinomial.png, id=609, 1203.7472pt x 589.4522pt>
File: ./Testes/Malha1/Polinomial/Polinomial.png Graphic file (type png)

<use ./Testes/Malha1/Polinomial/Polinomial.png>
Package pdftex.def Info: ./Testes/Malha1/Polinomial/Polinomial.png used on inpu
t line 127.
(pdftex.def)             Requested size: 409.49722pt x 200.51903pt.
 [27 <./Testes/Malha1/PID/m1_kp10.png (PNG copy)> <./Testes/Malha1/PID/m1_kp10k
i15kd06.png (PNG copy)> <./Testes/Malha1/PID/m1_kp10ki15.png (PNG copy)> <./Tes
tes/Malha1/PID/m1_kp10ki17.png (PNG copy)> <./Testes/Malha1/PID/m1_kp10ki15kd02
.png (PNG copy)>]

LaTeX Warning: Reference `' on page 28 undefined on input line 144.


LaTeX Warning: Reference `t:CompMalha2' on page 28 undefined on input line 144.



LaTeX Warning: Reference `' on page 28 undefined on input line 144.

[28 <./Testes/Malha1/Polinomial/Polinomial.png (PNG copy)>]
<./Testes/Malha2/P2.0/Incremental-3/m2PosInc.png, id=621, 1203.7472pt x 589.452
2pt>
File: ./Testes/Malha2/P2.0/Incremental-3/m2PosInc.png Graphic file (type png)
 <use ./Testes/Malha2/P2.0/Incremental-3/m2PosInc.png>
Package pdftex.def Info: ./Testes/Malha2/P2.0/Incremental-3/m2PosInc.png used o
n input line 165.
(pdftex.def)             Requested size: 409.49722pt x 200.51903pt.

<./Testes/Malha2/P2.0/Incremental-3/ErroM2Inc.png, id=622, 1203.7472pt x 589.45
22pt>
File: ./Testes/Malha2/P2.0/Incremental-3/ErroM2Inc.png Graphic file (type png)
 <use ./Testes/Malha2/P2.0/Incremental-3/ErroM2Inc.png>
Package pdftex.def Info: ./Testes/Malha2/P2.0/Incremental-3/ErroM2Inc.png used 
on input line 171.
(pdftex.def)             Requested size: 409.49722pt x 200.51903pt.

<./Testes/Malha2/P1.0/PID/PIDPos.png, id=623, 1203.7472pt x 589.4522pt>
File: ./Testes/Malha2/P1.0/PID/PIDPos.png Graphic file (type png)

<use ./Testes/Malha2/P1.0/PID/PIDPos.png>
Package pdftex.def Info: ./Testes/Malha2/P1.0/PID/PIDPos.png used on input line
 183.
(pdftex.def)             Requested size: 409.49722pt x 200.51903pt.

<./Testes/Malha2/P1.0/PID/ErroThetaPID.png, id=624, 1203.7472pt x 589.4522pt>
File: ./Testes/Malha2/P1.0/PID/ErroThetaPID.png Graphic file (type png)

<use ./Testes/Malha2/P1.0/PID/ErroThetaPID.png>
Package pdftex.def Info: ./Testes/Malha2/P1.0/PID/ErroThetaPID.png used on inpu
t line 189.
(pdftex.def)             Requested size: 409.49722pt x 200.51903pt.

<./Testes/Malha2/P2.0/Polinomial/m2PosPol.png, id=625, 1203.7472pt x 589.4522pt
>
File: ./Testes/Malha2/P2.0/Polinomial/m2PosPol.png Graphic file (type png)
 <use ./Testes/Malha2/P2.0/Polinomial/m2PosPol.png>
Package pdftex.def Info: ./Testes/Malha2/P2.0/Polinomial/m2PosPol.png used on i
nput line 201.
(pdftex.def)             Requested size: 409.49722pt x 200.51903pt.

<./Testes/Malha2/P2.0/Polinomial/m2ErroTheta.png, id=626, 1203.7472pt x 589.452
2pt>
File: ./Testes/Malha2/P2.0/Polinomial/m2ErroTheta.png Graphic file (type png)
 <use ./Testes/Malha2/P2.0/Polinomial/m2ErroTheta.png>
Package pdftex.def Info: ./Testes/Malha2/P2.0/Polinomial/m2ErroTheta.png used o
n input line 207.
(pdftex.def)             Requested size: 409.49722pt x 200.51903pt.

<./Testes/Malha2/P1.0I0.3/IntegralOsc.png, id=627, 1203.7472pt x 589.4522pt>
File: ./Testes/Malha2/P1.0I0.3/IntegralOsc.png Graphic file (type png)

<use ./Testes/Malha2/P1.0I0.3/IntegralOsc.png>
Package pdftex.def Info: ./Testes/Malha2/P1.0I0.3/IntegralOsc.png used on input
 line 219.
(pdftex.def)             Requested size: 409.49722pt x 200.51903pt.

<./Testes/Malha2/P1.0I0.3/ErroThetaIOsc.png, id=628, 1203.7472pt x 589.4522pt>
File: ./Testes/Malha2/P1.0I0.3/ErroThetaIOsc.png Graphic file (type png)

<use ./Testes/Malha2/P1.0I0.3/ErroThetaIOsc.png>
Package pdftex.def Info: ./Testes/Malha2/P1.0I0.3/ErroThetaIOsc.png used on inp
ut line 225.
(pdftex.def)             Requested size: 409.49722pt x 200.51903pt.
) [29] [30 <./Testes/Malha2/P2.0/Incremental-3/m2PosInc.png (PNG copy)> <./Test
es/Malha2/P2.0/Incremental-3/ErroM2Inc.png (PNG copy)>] [31 <./Testes/Malha2/P1
.0/PID/PIDPos.png (PNG copy)> <./Testes/Malha2/P1.0/PID/ErroThetaPID.png (PNG c
opy)>] [32 <./Testes/Malha2/P2.0/Polinomial/m2PosPol.png (PNG copy)> <./Testes/
Malha2/P2.0/Polinomial/m2ErroTheta.png (PNG copy)>] [33 <./Testes/Malha2/P1.0I0
.3/IntegralOsc.png (PNG copy)> <./Testes/Malha2/P1.0I0.3/ErroThetaIOsc.png (PNG
 copy)>]
\openout2 = `./02-elementos-textuais/simulacoes.aux'.


(./02-elementos-textuais/simulacoes.tex
<./04-figuras/Simulacoes/Problema1-Abordagem1/P1_A1_Centr_Inicio.png, id=657, 1
203.7472pt x 589.4522pt>
File: ./04-figuras/Simulacoes/Problema1-Abordagem1/P1_A1_Centr_Inicio.png Graph
ic file (type png)

<use ./04-figuras/Simulacoes/Problema1-Abordagem1/P1_A1_Centr_Inicio.png>
Package pdftex.def Info: ./04-figuras/Simulacoes/Problema1-Abordagem1/P1_A1_Cen
tr_Inicio.png used on input line 19.
(pdftex.def)             Requested size: 204.74861pt x 100.2595pt.

<./04-figuras/Simulacoes/Problema1-Abordagem1/P1_A1_Centr_Fim.png, id=658, 1203
.7472pt x 589.4522pt>
File: ./04-figuras/Simulacoes/Problema1-Abordagem1/P1_A1_Centr_Fim.png Graphic 
file (type png)

<use ./04-figuras/Simulacoes/Problema1-Abordagem1/P1_A1_Centr_Fim.png>
Package pdftex.def Info: ./04-figuras/Simulacoes/Problema1-Abordagem1/P1_A1_Cen
tr_Fim.png used on input line 25.
(pdftex.def)             Requested size: 204.74861pt x 100.2595pt.

<./04-figuras/Simulacoes/Problema1-Abordagem1/P1_A1_Desc_Inicio.png, id=659, 12
03.7472pt x 589.4522pt>
File: ./04-figuras/Simulacoes/Problema1-Abordagem1/P1_A1_Desc_Inicio.png Graphi
c file (type png)

<use ./04-figuras/Simulacoes/Problema1-Abordagem1/P1_A1_Desc_Inicio.png>
Package pdftex.def Info: ./04-figuras/Simulacoes/Problema1-Abordagem1/P1_A1_Des
c_Inicio.png used on input line 37.
(pdftex.def)             Requested size: 204.74861pt x 100.2595pt.

<./04-figuras/Simulacoes/Problema1-Abordagem1/P1_A1_Desc_Fim.png, id=660, 1203.
7472pt x 589.4522pt>
File: ./04-figuras/Simulacoes/Problema1-Abordagem1/P1_A1_Desc_Fim.png Graphic f
ile (type png)

<use ./04-figuras/Simulacoes/Problema1-Abordagem1/P1_A1_Desc_Fim.png>
Package pdftex.def Info: ./04-figuras/Simulacoes/Problema1-Abordagem1/P1_A1_Des
c_Fim.png used on input line 43.
(pdftex.def)             Requested size: 204.74861pt x 100.2595pt.
 [34



 <./04-figuras/Simulacoes/Problema1-Abordagem1/P1_A1_Centr_Inicio.png (PNG copy
)> <./04-figuras/Simulacoes/Problema1-Abordagem1/P1_A1_Centr_Fim.png (PNG copy)
>]
<./04-figuras/Simulacoes/Problema1-Abordagem1/P1A2Inicio.png, id=670, 1203.7472
pt x 589.4522pt>
File: ./04-figuras/Simulacoes/Problema1-Abordagem1/P1A2Inicio.png Graphic file 
(type png)

<use ./04-figuras/Simulacoes/Problema1-Abordagem1/P1A2Inicio.png>
Package pdftex.def Info: ./04-figuras/Simulacoes/Problema1-Abordagem1/P1A2Inici
o.png used on input line 61.
(pdftex.def)             Requested size: 409.49722pt x 200.51903pt.

<./04-figuras/Simulacoes/Problema1-Abordagem1/P1A2Fim.png, id=671, 1203.7472pt 
x 589.4522pt>
File: ./04-figuras/Simulacoes/Problema1-Abordagem1/P1A2Fim.png Graphic file (ty
pe png)
 <use ./04-figuras/Simulacoes/Problema1-Abordagem1/P1A2Fim.png>
Package pdftex.def Info: ./04-figuras/Simulacoes/Problema1-Abordagem1/P1A2Fim.p
ng used on input line 67.
(pdftex.def)             Requested size: 409.49722pt x 200.51903pt.


LaTeX Warning: Reference `fig:sP2C' on page 35 undefined on input line 79.

[35 <./04-figuras/Simulacoes/Problema1-Abordagem1/P1_A1_Desc_Inicio.png (PNG co
py)> <./04-figuras/Simulacoes/Problema1-Abordagem1/P1_A1_Desc_Fim.png (PNG copy
)>]
<./04-figuras/Simulacoes/Problema2/Falha/P2FalhaInicio.png, id=678, 1203.7472pt
 x 589.4522pt>
File: ./04-figuras/Simulacoes/Problema2/Falha/P2FalhaInicio.png Graphic file (t
ype png)
 <use ./04-figuras/Simulacoes/Problema2/Falha/P2FalhaInicio.png>
Package pdftex.def Info: ./04-figuras/Simulacoes/Problema2/Falha/P2FalhaInicio.
png used on input line 85.
(pdftex.def)             Requested size: 409.49722pt x 200.51903pt.

<./04-figuras/Simulacoes/Problema2/Falha/P2FalhaFim.png, id=679, 1203.7472pt x 
589.4522pt>
File: ./04-figuras/Simulacoes/Problema2/Falha/P2FalhaFim.png Graphic file (type
 png)
 <use ./04-figuras/Simulacoes/Problema2/Falha/P2FalhaFim.png>
Package pdftex.def Info: ./04-figuras/Simulacoes/Problema2/Falha/P2FalhaFim.png
 used on input line 91.
(pdftex.def)             Requested size: 409.49722pt x 200.51903pt.

<./04-figuras/Simulacoes/Problema2/Colisao/P2_C1.png, id=680, 1203.7472pt x 589
.4522pt>
File: ./04-figuras/Simulacoes/Problema2/Colisao/P2_C1.png Graphic file (type pn
g)
 <use ./04-figuras/Simulacoes/Problema2/Colisao/P2_C1.png>
Package pdftex.def Info: ./04-figuras/Simulacoes/Problema2/Colisao/P2_C1.png us
ed on input line 101.
(pdftex.def)             Requested size: 409.49722pt x 200.51903pt.
) [36 <./04-figuras/Simulacoes/Problema1-Abordagem1/P1A2Inicio.png (PNG copy)> 
<./04-figuras/Simulacoes/Problema1-Abordagem1/P1A2Fim.png (PNG copy)>] [37 <./0
4-figuras/Simulacoes/Problema2/Falha/P2FalhaInicio.png (PNG copy)> <./04-figura
s/Simulacoes/Problema2/Falha/P2FalhaFim.png (PNG copy)>] [38 <./04-figuras/Simu
lacoes/Problema2/Colisao/P2_C1.png (PNG copy)>]
\openout2 = `./02-elementos-textuais/resultados.aux'.

 (./02-elementos-textuais/resultados.tex
<./Testes/Problema1/Incremental/P1Antes.png, id=695, 1203.7472pt x 589.4522pt>
File: ./Testes/Problema1/Incremental/P1Antes.png Graphic file (type png)

<use ./Testes/Problema1/Incremental/P1Antes.png>
Package pdftex.def Info: ./Testes/Problema1/Incremental/P1Antes.png used on inp
ut line 10.
(pdftex.def)             Requested size: 409.49722pt x 200.51903pt.

<./Testes/Problema1/Incremental/P1Depois.png, id=696, 1203.7472pt x 589.4522pt>
File: ./Testes/Problema1/Incremental/P1Depois.png Graphic file (type png)
<use ./Testes/Problema1/Incremental/P1Depois.png>
Package pdftex.def Info: ./Testes/Problema1/Incremental/P1Depois.png used on in
put line 16.
(pdftex.def)             Requested size: 409.49722pt x 200.51903pt.

<./Testes/Problema1/Incremental/ErroDistancia.png, id=697, 1203.7472pt x 589.45
22pt>
File: ./Testes/Problema1/Incremental/ErroDistancia.png Graphic file (type png)
 <use ./Testes/Problema1/Incremental/ErroDistancia.png>
Package pdftex.def Info: ./Testes/Problema1/Incremental/ErroDistancia.png used 
on input line 26.
(pdftex.def)             Requested size: 409.49722pt x 200.51903pt.
 [39



 <./Testes/Problema1/Incremental/P1Antes.png (PNG copy)> <./Testes/Problema1/In
cremental/P1Depois.png (PNG copy)>]
<./Testes/Problema2/Incremental/2Rb.png, id=704, 1203.7472pt x 589.4522pt>
File: ./Testes/Problema2/Incremental/2Rb.png Graphic file (type png)

<use ./Testes/Problema2/Incremental/2Rb.png>
Package pdftex.def Info: ./Testes/Problema2/Incremental/2Rb.png used on input l
ine 41.
(pdftex.def)             Requested size: 409.49722pt x 200.51903pt.

<./Testes/Problema2/Incremental/1Rb.png, id=705, 1203.7472pt x 589.4522pt>
File: ./Testes/Problema2/Incremental/1Rb.png Graphic file (type png)

<use ./Testes/Problema2/Incremental/1Rb.png>
Package pdftex.def Info: ./Testes/Problema2/Incremental/1Rb.png used on input l
ine 47.
(pdftex.def)             Requested size: 409.49722pt x 200.51903pt.
) [40 <./Testes/Problema1/Incremental/ErroDistancia.png (PNG copy)>] [41 <./Tes
tes/Problema2/Incremental/2Rb.png (PNG copy)> <./Testes/Problema2/Incremental/1
Rb.png (PNG copy)>]
\openout2 = `./02-elementos-textuais/conclusao.aux'.


(./02-elementos-textuais/conclusao.tex [42



]) [43]
\openout2 = `./03-elementos-pos-textuais/referencias.aux'.


(./03-elementos-pos-textuais/referencias.tex (./main.bbl (./main.brf)
\tf@brf=\write6
\openout6 = `main.brf'.


bibitemlist
[44



])) [45]
\tf@lof=\write7
\openout7 = `main.lof'.

\tf@lot=\write8
\openout8 = `main.lot'.

\tf@toc=\write9
\openout9 = `main.toc'.

Package atveryend Info: Empty hook `BeforeClearDocument' on input line 120.
Package atveryend Info: Empty hook `AfterLastShipout' on input line 120.
 (./main.aux (./01-elementos-pre-textuais/capa.aux)
(./01-elementos-pre-textuais/folha-rosto.aux)
(./01-elementos-pre-textuais/folha-aprovacao.aux)
(./01-elementos-pre-textuais/dedicatoria.aux)
(./01-elementos-pre-textuais/agradecimentos.aux)
(./01-elementos-pre-textuais/epigrafe.aux)
(./01-elementos-pre-textuais/resumo-pt.aux)
(./01-elementos-pre-textuais/resumo-en.aux)
(./01-elementos-pre-textuais/lista-figuras.aux)
(./01-elementos-pre-textuais/lista-tabelas.aux)
(./01-elementos-pre-textuais/lista-siglas.aux)
(./01-elementos-pre-textuais/lista-simbolos.aux)
(./01-elementos-pre-textuais/sumario.aux)
(./02-elementos-textuais/introducao.aux)
(./02-elementos-textuais/trab-relacionados.aux)
(./02-elementos-textuais/fund-teorica.aux)
(./02-elementos-textuais/metodologia.aux)
(./02-elementos-textuais/desenhoemodelo.aux)
(./02-elementos-textuais/testes.aux) (./02-elementos-textuais/simulacoes.aux)
(./02-elementos-textuais/resultados.aux) (./02-elementos-textuais/conclusao.aux
) (./03-elementos-pos-textuais/referencias.aux))
Package atveryend Info: Executing hook `AtVeryEndDocument' on input line 120.
Package atveryend Info: Executing hook `AtEndAfterFileList' on input line 120.
Package rerunfilecheck Info: File `main.brf' has not changed.
(rerunfilecheck)             Checksum: F1DAF2892B08260BB2CBCA959E46C592;930.


LaTeX Warning: There were undefined references.


LaTeX Warning: There were multiply-defined labels.

Package atveryend Info: Empty hook `AtVeryVeryEnd' on input line 120.
 ) 
Here is how much of TeX's memory you used:
 26923 strings out of 493109
 470577 string characters out of 6138587
 654720 words of memory out of 5000000
 29261 multiletter control sequences out of 15000+600000
 51769 words of font info for 244 fonts, out of 8000000 for 9000
 1141 hyphenation exceptions out of 8191
 60i,17n,54p,1968b,602s stack positions out of 5000i,500n,10000p,200000b,80000s
{c:/texlive/2014/texmf-dist/fonts/enc/dvips/base/8r.enc}<c:/texlive/2014/texm
f-dist/fonts/type1/public/amsfonts/cm/cmex10.pfb><c:/texlive/2014/texmf-dist/fo
nts/type1/public/amsfonts/cm/cmmi12.pfb><c:/texlive/2014/texmf-dist/fonts/type1
/public/amsfonts/cm/cmmi6.pfb><c:/texlive/2014/texmf-dist/fonts/type1/public/am
sfonts/cm/cmmi8.pfb><c:/texlive/2014/texmf-dist/fonts/type1/public/amsfonts/cm/
cmr12.pfb><c:/texlive/2014/texmf-dist/fonts/type1/public/amsfonts/cm/cmr8.pfb><
c:/texlive/2014/texmf-dist/fonts/type1/public/amsfonts/cm/cmsy10.pfb><c:/texliv
e/2014/texmf-dist/fonts/type1/urw/palatino/uplb8a.pfb><c:/texlive/2014/texmf-di
st/fonts/type1/urw/palatino/uplr8a.pfb><c:/texlive/2014/texmf-dist/fonts/type1/
urw/palatino/uplri8a.pfb>
Output written on main.pdf (60 pages, 2565001 bytes).
PDF statistics:
 980 PDF objects out of 1000 (max. 8388607)
 827 compressed objects within 9 object streams
 195 named destinations out of 1000 (max. 500000)
 38505 words of extra memory for PDF output out of 42996 (max. 10000000)

